{"/opt/slimy/app/admin-api/lib/guild-personality.js": {"path":"/opt/slimy/app/admin-api/lib/guild-personality.js","statementMap":{"0":{"start":{"line":2,"column":13},"end":{"line":2,"column":28}},"1":{"start":{"line":3,"column":11},"end":{"line":3,"column":24}},"2":{"start":{"line":4,"column":17},"end":{"line":4,"column":46}},"3":{"start":{"line":6,"column":29},"end":{"line":6,"column":114}},"4":{"start":{"line":9,"column":24},"end":{"line":9,"column":140}},"5":{"start":{"line":11,"column":16},"end":{"line":60,"column":1}},"6":{"start":{"line":63,"column":2},"end":{"line":70,"column":3}},"7":{"start":{"line":64,"column":4},"end":{"line":67,"column":5}},"8":{"start":{"line":65,"column":18},"end":{"line":65,"column":63}},"9":{"start":{"line":66,"column":6},"end":{"line":66,"column":24}},"10":{"start":{"line":69,"column":4},"end":{"line":69,"column":88}},"11":{"start":{"line":71,"column":2},"end":{"line":71,"column":25}},"12":{"start":{"line":75,"column":2},"end":{"line":75,"column":39}},"13":{"start":{"line":75,"column":32},"end":{"line":75,"column":39}},"14":{"start":{"line":76,"column":2},"end":{"line":81,"column":3}},"15":{"start":{"line":77,"column":16},"end":{"line":77,"column":86}},"16":{"start":{"line":78,"column":4},"end":{"line":78,"column":30}},"17":{"start":{"line":80,"column":4},"end":{"line":80,"column":74}},"18":{"start":{"line":85,"column":17},"end":{"line":85,"column":27}},"19":{"start":{"line":86,"column":2},"end":{"line":96,"column":4}},"20":{"start":{"line":100,"column":2},"end":{"line":102,"column":3}},"21":{"start":{"line":101,"column":4},"end":{"line":101,"column":32}},"22":{"start":{"line":104,"column":2},"end":{"line":104,"column":29}},"23":{"start":{"line":106,"column":15},"end":{"line":109,"column":3}},"24":{"start":{"line":111,"column":2},"end":{"line":111,"column":48}},"25":{"start":{"line":111,"column":20},"end":{"line":111,"column":48}},"26":{"start":{"line":113,"column":12},"end":{"line":113,"column":19}},"27":{"start":{"line":116,"column":2},"end":{"line":126,"column":3}},"28":{"start":{"line":117,"column":21},"end":{"line":117,"column":41}},"29":{"start":{"line":119,"column":4},"end":{"line":124,"column":5}},"30":{"start":{"line":120,"column":6},"end":{"line":123,"column":16}},"31":{"start":{"line":121,"column":24},"end":{"line":121,"column":50}},"32":{"start":{"line":122,"column":8},"end":{"line":122,"column":82}},"33":{"start":{"line":122,"column":35},"end":{"line":122,"column":82}},"34":{"start":{"line":125,"column":4},"end":{"line":125,"column":20}},"35":{"start":{"line":129,"column":2},"end":{"line":129,"column":36}},"36":{"start":{"line":130,"column":2},"end":{"line":130,"column":38}},"37":{"start":{"line":133,"column":2},"end":{"line":135,"column":3}},"38":{"start":{"line":134,"column":4},"end":{"line":134,"column":40}},"39":{"start":{"line":137,"column":2},"end":{"line":137,"column":11}},"40":{"start":{"line":141,"column":2},"end":{"line":143,"column":3}},"41":{"start":{"line":142,"column":4},"end":{"line":142,"column":47}},"42":{"start":{"line":145,"column":2},"end":{"line":145,"column":29}},"43":{"start":{"line":147,"column":15},"end":{"line":147,"column":45}},"44":{"start":{"line":148,"column":15},"end":{"line":148,"column":86}},"45":{"start":{"line":151,"column":2},"end":{"line":161,"column":3}},"46":{"start":{"line":152,"column":23},"end":{"line":152,"column":64}},"47":{"start":{"line":152,"column":41},"end":{"line":152,"column":63}},"48":{"start":{"line":153,"column":4},"end":{"line":160,"column":5}},"49":{"start":{"line":155,"column":6},"end":{"line":159,"column":9}},"50":{"start":{"line":156,"column":8},"end":{"line":158,"column":9}},"51":{"start":{"line":157,"column":10},"end":{"line":157,"column":38}},"52":{"start":{"line":163,"column":14},"end":{"line":181,"column":3}},"53":{"start":{"line":183,"column":2},"end":{"line":195,"column":5}},"54":{"start":{"line":197,"column":2},"end":{"line":197,"column":34}},"55":{"start":{"line":201,"column":17},"end":{"line":201,"column":69}},"56":{"start":{"line":201,"column":35},"end":{"line":201,"column":54}},"57":{"start":{"line":202,"column":2},"end":{"line":211,"column":16}},"58":{"start":{"line":214,"column":0},"end":{"line":220,"column":2}}},"fnMap":{"0":{"name":"readDefaultFile","decl":{"start":{"line":62,"column":9},"end":{"line":62,"column":24}},"loc":{"start":{"line":62,"column":27},"end":{"line":72,"column":1}},"line":62},"1":{"name":"ensureTableColumns","decl":{"start":{"line":74,"column":15},"end":{"line":74,"column":33}},"loc":{"start":{"line":74,"column":36},"end":{"line":82,"column":1}},"line":74},"2":{"name":"defaultsFor","decl":{"start":{"line":84,"column":9},"end":{"line":84,"column":20}},"loc":{"start":{"line":84,"column":30},"end":{"line":97,"column":1}},"line":84},"3":{"name":"getGuildPersona","decl":{"start":{"line":99,"column":15},"end":{"line":99,"column":30}},"loc":{"start":{"line":99,"column":40},"end":{"line":138,"column":1}},"line":99},"4":{"name":"upsertGuildPersona","decl":{"start":{"line":140,"column":15},"end":{"line":140,"column":33}},"loc":{"start":{"line":140,"column":61},"end":{"line":198,"column":1}},"line":140},"5":{"name":"(anonymous_5)","decl":{"start":{"line":152,"column":36},"end":{"line":152,"column":37}},"loc":{"start":{"line":152,"column":41},"end":{"line":152,"column":63}},"line":152},"6":{"name":"(anonymous_6)","decl":{"start":{"line":155,"column":38},"end":{"line":155,"column":39}},"loc":{"start":{"line":155,"column":45},"end":{"line":159,"column":7}},"line":155},"7":{"name":"resetToPreset","decl":{"start":{"line":200,"column":15},"end":{"line":200,"column":28}},"loc":{"start":{"line":200,"column":60},"end":{"line":212,"column":1}},"line":200},"8":{"name":"(anonymous_8)","decl":{"start":{"line":201,"column":30},"end":{"line":201,"column":31}},"loc":{"start":{"line":201,"column":35},"end":{"line":201,"column":54}},"line":201}},"branchMap":{"0":{"loc":{"start":{"line":6,"column":29},"end":{"line":6,"column":114}},"type":"binary-expr","locations":[{"start":{"line":6,"column":29},"end":{"line":6,"column":65}},{"start":{"line":6,"column":69},"end":{"line":6,"column":114}}],"line":6},"1":{"loc":{"start":{"line":64,"column":4},"end":{"line":67,"column":5}},"type":"if","locations":[{"start":{"line":64,"column":4},"end":{"line":67,"column":5}},{"start":{},"end":{}}],"line":64},"2":{"loc":{"start":{"line":75,"column":2},"end":{"line":75,"column":39}},"type":"if","locations":[{"start":{"line":75,"column":2},"end":{"line":75,"column":39}},{"start":{},"end":{}}],"line":75},"3":{"loc":{"start":{"line":100,"column":2},"end":{"line":102,"column":3}},"type":"if","locations":[{"start":{"line":100,"column":2},"end":{"line":102,"column":3}},{"start":{},"end":{}}],"line":100},"4":{"loc":{"start":{"line":111,"column":2},"end":{"line":111,"column":48}},"type":"if","locations":[{"start":{"line":111,"column":2},"end":{"line":111,"column":48}},{"start":{},"end":{}}],"line":111},"5":{"loc":{"start":{"line":116,"column":2},"end":{"line":126,"column":3}},"type":"if","locations":[{"start":{"line":116,"column":2},"end":{"line":126,"column":3}},{"start":{},"end":{}}],"line":116},"6":{"loc":{"start":{"line":119,"column":4},"end":{"line":124,"column":5}},"type":"if","locations":[{"start":{"line":119,"column":4},"end":{"line":124,"column":5}},{"start":{},"end":{}}],"line":119},"7":{"loc":{"start":{"line":122,"column":8},"end":{"line":122,"column":82}},"type":"if","locations":[{"start":{"line":122,"column":8},"end":{"line":122,"column":82}},{"start":{},"end":{}}],"line":122},"8":{"loc":{"start":{"line":129,"column":12},"end":{"line":129,"column":35}},"type":"cond-expr","locations":[{"start":{"line":129,"column":30},"end":{"line":129,"column":31}},{"start":{"line":129,"column":34},"end":{"line":129,"column":35}}],"line":129},"9":{"loc":{"start":{"line":130,"column":13},"end":{"line":130,"column":37}},"type":"cond-expr","locations":[{"start":{"line":130,"column":32},"end":{"line":130,"column":33}},{"start":{"line":130,"column":36},"end":{"line":130,"column":37}}],"line":130},"10":{"loc":{"start":{"line":133,"column":2},"end":{"line":135,"column":3}},"type":"if","locations":[{"start":{"line":133,"column":2},"end":{"line":135,"column":3}},{"start":{},"end":{}}],"line":133},"11":{"loc":{"start":{"line":141,"column":2},"end":{"line":143,"column":3}},"type":"if","locations":[{"start":{"line":141,"column":2},"end":{"line":143,"column":3}},{"start":{},"end":{}}],"line":141},"12":{"loc":{"start":{"line":148,"column":67},"end":{"line":148,"column":84}},"type":"binary-expr","locations":[{"start":{"line":148,"column":67},"end":{"line":148,"column":76}},{"start":{"line":148,"column":80},"end":{"line":148,"column":84}}],"line":148},"13":{"loc":{"start":{"line":151,"column":2},"end":{"line":161,"column":3}},"type":"if","locations":[{"start":{"line":151,"column":2},"end":{"line":161,"column":3}},{"start":{},"end":{}}],"line":151},"14":{"loc":{"start":{"line":151,"column":6},"end":{"line":151,"column":50}},"type":"binary-expr","locations":[{"start":{"line":151,"column":6},"end":{"line":151,"column":18}},{"start":{"line":151,"column":22},"end":{"line":151,"column":50}}],"line":151},"15":{"loc":{"start":{"line":153,"column":4},"end":{"line":160,"column":5}},"type":"if","locations":[{"start":{"line":153,"column":4},"end":{"line":160,"column":5}},{"start":{},"end":{}}],"line":153},"16":{"loc":{"start":{"line":156,"column":8},"end":{"line":158,"column":9}},"type":"if","locations":[{"start":{"line":156,"column":8},"end":{"line":158,"column":9}},{"start":{},"end":{}}],"line":156},"17":{"loc":{"start":{"line":156,"column":12},"end":{"line":156,"column":88}},"type":"binary-expr","locations":[{"start":{"line":156,"column":12},"end":{"line":156,"column":25}},{"start":{"line":156,"column":29},"end":{"line":156,"column":44}},{"start":{"line":156,"column":48},"end":{"line":156,"column":69}},{"start":{"line":156,"column":73},"end":{"line":156,"column":88}}],"line":156},"18":{"loc":{"start":{"line":186,"column":4},"end":{"line":186,"column":23}},"type":"binary-expr","locations":[{"start":{"line":186,"column":4},"end":{"line":186,"column":15}},{"start":{"line":186,"column":19},"end":{"line":186,"column":23}}],"line":186},"19":{"loc":{"start":{"line":187,"column":4},"end":{"line":187,"column":30}},"type":"binary-expr","locations":[{"start":{"line":187,"column":4},"end":{"line":187,"column":22}},{"start":{"line":187,"column":26},"end":{"line":187,"column":30}}],"line":187},"20":{"loc":{"start":{"line":188,"column":4},"end":{"line":188,"column":35}},"type":"binary-expr","locations":[{"start":{"line":188,"column":4},"end":{"line":188,"column":28}},{"start":{"line":188,"column":32},"end":{"line":188,"column":35}}],"line":188},"21":{"loc":{"start":{"line":189,"column":4},"end":{"line":189,"column":29}},"type":"binary-expr","locations":[{"start":{"line":189,"column":4},"end":{"line":189,"column":22}},{"start":{"line":189,"column":26},"end":{"line":189,"column":29}}],"line":189},"22":{"loc":{"start":{"line":190,"column":4},"end":{"line":190,"column":27}},"type":"binary-expr","locations":[{"start":{"line":190,"column":4},"end":{"line":190,"column":13}},{"start":{"line":190,"column":17},"end":{"line":190,"column":27}}],"line":190},"23":{"loc":{"start":{"line":191,"column":4},"end":{"line":191,"column":31}},"type":"binary-expr","locations":[{"start":{"line":191,"column":4},"end":{"line":191,"column":18}},{"start":{"line":191,"column":22},"end":{"line":191,"column":31}}],"line":191},"24":{"loc":{"start":{"line":192,"column":4},"end":{"line":192,"column":30}},"type":"cond-expr","locations":[{"start":{"line":192,"column":25},"end":{"line":192,"column":26}},{"start":{"line":192,"column":29},"end":{"line":192,"column":30}}],"line":192},"25":{"loc":{"start":{"line":193,"column":4},"end":{"line":193,"column":31}},"type":"cond-expr","locations":[{"start":{"line":193,"column":26},"end":{"line":193,"column":27}},{"start":{"line":193,"column":30},"end":{"line":193,"column":31}}],"line":193},"26":{"loc":{"start":{"line":201,"column":17},"end":{"line":201,"column":69}},"type":"binary-expr","locations":[{"start":{"line":201,"column":17},"end":{"line":201,"column":55}},{"start":{"line":201,"column":59},"end":{"line":201,"column":69}}],"line":201}},"s":{"0":0,"1":0,"2":0,"3":0,"4":0,"5":0,"6":0,"7":0,"8":0,"9":0,"10":0,"11":0,"12":0,"13":0,"14":0,"15":0,"16":0,"17":0,"18":0,"19":0,"20":0,"21":0,"22":0,"23":0,"24":0,"25":0,"26":0,"27":0,"28":0,"29":0,"30":0,"31":0,"32":0,"33":0,"34":0,"35":0,"36":0,"37":0,"38":0,"39":0,"40":0,"41":0,"42":0,"43":0,"44":0,"45":0,"46":0,"47":0,"48":0,"49":0,"50":0,"51":0,"52":0,"53":0,"54":0,"55":0,"56":0,"57":0,"58":0},"f":{"0":0,"1":0,"2":0,"3":0,"4":0,"5":0,"6":0,"7":0,"8":0},"b":{"0":[0,0],"1":[0,0],"2":[0,0],"3":[0,0],"4":[0,0],"5":[0,0],"6":[0,0],"7":[0,0],"8":[0,0],"9":[0,0],"10":[0,0],"11":[0,0],"12":[0,0],"13":[0,0],"14":[0,0],"15":[0,0],"16":[0,0],"17":[0,0,0,0],"18":[0,0],"19":[0,0],"20":[0,0],"21":[0,0],"22":[0,0],"23":[0,0],"24":[0,0],"25":[0,0],"26":[0,0]}}
,"/opt/slimy/app/admin-api/lib/jwt.js": {"path":"/opt/slimy/app/admin-api/lib/jwt.js","statementMap":{"0":{"start":{"line":2,"column":12},"end":{"line":2,"column":35}},"1":{"start":{"line":4,"column":20},"end":{"line":4,"column":33}},"2":{"start":{"line":5,"column":20},"end":{"line":5,"column":32}},"3":{"start":{"line":6,"column":23},"end":{"line":6,"column":66}},"4":{"start":{"line":9,"column":2},"end":{"line":9,"column":62}},"5":{"start":{"line":13,"column":2},"end":{"line":13,"column":82}},"6":{"start":{"line":17,"column":2},"end":{"line":17,"column":61}},"7":{"start":{"line":21,"column":24},"end":{"line":28,"column":3}},"8":{"start":{"line":29,"column":2},"end":{"line":29,"column":100}},"9":{"start":{"line":30,"column":2},"end":{"line":30,"column":63}},"10":{"start":{"line":31,"column":2},"end":{"line":31,"column":48}},"11":{"start":{"line":32,"column":2},"end":{"line":32,"column":47}},"12":{"start":{"line":36,"column":2},"end":{"line":42,"column":5}},"13":{"start":{"line":45,"column":0},"end":{"line":51,"column":2}}},"fnMap":{"0":{"name":"key","decl":{"start":{"line":8,"column":9},"end":{"line":8,"column":12}},"loc":{"start":{"line":8,"column":15},"end":{"line":10,"column":1}},"line":8},"1":{"name":"signSession","decl":{"start":{"line":12,"column":9},"end":{"line":12,"column":20}},"loc":{"start":{"line":12,"column":30},"end":{"line":14,"column":1}},"line":12},"2":{"name":"verifySession","decl":{"start":{"line":16,"column":9},"end":{"line":16,"column":22}},"loc":{"start":{"line":16,"column":30},"end":{"line":18,"column":1}},"line":16},"3":{"name":"setAuthCookie","decl":{"start":{"line":20,"column":9},"end":{"line":20,"column":22}},"loc":{"start":{"line":20,"column":35},"end":{"line":33,"column":1}},"line":20},"4":{"name":"clearAuthCookie","decl":{"start":{"line":35,"column":9},"end":{"line":35,"column":24}},"loc":{"start":{"line":35,"column":30},"end":{"line":43,"column":1}},"line":35}},"branchMap":{"0":{"loc":{"start":{"line":6,"column":23},"end":{"line":6,"column":66}},"type":"binary-expr","locations":[{"start":{"line":6,"column":23},"end":{"line":6,"column":48}},{"start":{"line":6,"column":52},"end":{"line":6,"column":66}}],"line":6},"1":{"loc":{"start":{"line":9,"column":9},"end":{"line":9,"column":61}},"type":"binary-expr","locations":[{"start":{"line":9,"column":9},"end":{"line":9,"column":35}},{"start":{"line":9,"column":39},"end":{"line":9,"column":61}}],"line":9},"2":{"loc":{"start":{"line":30,"column":37},"end":{"line":30,"column":61}},"type":"cond-expr","locations":[{"start":{"line":30,"column":45},"end":{"line":30,"column":57}},{"start":{"line":30,"column":60},"end":{"line":30,"column":61}}],"line":30}},"s":{"0":0,"1":0,"2":0,"3":0,"4":0,"5":0,"6":0,"7":0,"8":0,"9":0,"10":0,"11":0,"12":0,"13":0},"f":{"0":0,"1":0,"2":0,"3":0,"4":0},"b":{"0":[0,0],"1":[0,0],"2":[0,0]}}
,"/opt/slimy/app/admin-api/lib/session-store.js": {"path":"/opt/slimy/app/admin-api/lib/session-store.js","statementMap":{"0":{"start":{"line":3,"column":17},"end":{"line":3,"column":47}},"1":{"start":{"line":6,"column":16},"end":{"line":6,"column":35}},"2":{"start":{"line":9,"column":0},"end":{"line":16,"column":19}},"3":{"start":{"line":10,"column":2},"end":{"line":15,"column":3}},"4":{"start":{"line":11,"column":4},"end":{"line":11,"column":43}},"5":{"start":{"line":12,"column":4},"end":{"line":12,"column":63}},"6":{"start":{"line":14,"column":4},"end":{"line":14,"column":86}},"7":{"start":{"line":19,"column":2},"end":{"line":38,"column":3}},"8":{"start":{"line":21,"column":22},"end":{"line":21,"column":42}},"9":{"start":{"line":24,"column":18},"end":{"line":24,"column":56}},"10":{"start":{"line":26,"column":4},"end":{"line":29,"column":5}},"11":{"start":{"line":27,"column":6},"end":{"line":27,"column":87}},"12":{"start":{"line":28,"column":6},"end":{"line":28,"column":13}},"13":{"start":{"line":32,"column":4},"end":{"line":32,"column":59}},"14":{"start":{"line":34,"column":4},"end":{"line":34,"column":68}},"15":{"start":{"line":36,"column":4},"end":{"line":36,"column":75}},"16":{"start":{"line":37,"column":4},"end":{"line":37,"column":14}},"17":{"start":{"line":42,"column":2},"end":{"line":54,"column":3}},"18":{"start":{"line":50,"column":4},"end":{"line":50,"column":16}},"19":{"start":{"line":52,"column":4},"end":{"line":52,"column":73}},"20":{"start":{"line":53,"column":4},"end":{"line":53,"column":16}},"21":{"start":{"line":58,"column":2},"end":{"line":64,"column":3}},"22":{"start":{"line":59,"column":4},"end":{"line":59,"column":46}},"23":{"start":{"line":60,"column":4},"end":{"line":60,"column":70}},"24":{"start":{"line":62,"column":4},"end":{"line":62,"column":75}},"25":{"start":{"line":63,"column":4},"end":{"line":63,"column":14}},"26":{"start":{"line":68,"column":2},"end":{"line":75,"column":3}},"27":{"start":{"line":71,"column":4},"end":{"line":71,"column":13}},"28":{"start":{"line":73,"column":4},"end":{"line":73,"column":86}},"29":{"start":{"line":74,"column":4},"end":{"line":74,"column":13}},"30":{"start":{"line":79,"column":2},"end":{"line":85,"column":3}},"31":{"start":{"line":81,"column":4},"end":{"line":81,"column":14}},"32":{"start":{"line":83,"column":4},"end":{"line":83,"column":78}},"33":{"start":{"line":84,"column":4},"end":{"line":84,"column":14}},"34":{"start":{"line":88,"column":0},"end":{"line":94,"column":2}}},"fnMap":{"0":{"name":"(anonymous_0)","decl":{"start":{"line":9,"column":12},"end":{"line":9,"column":13}},"loc":{"start":{"line":9,"column":24},"end":{"line":16,"column":1}},"line":9},"1":{"name":"storeSession","decl":{"start":{"line":18,"column":15},"end":{"line":18,"column":27}},"loc":{"start":{"line":18,"column":42},"end":{"line":39,"column":1}},"line":18},"2":{"name":"getSession","decl":{"start":{"line":41,"column":15},"end":{"line":41,"column":25}},"loc":{"start":{"line":41,"column":34},"end":{"line":55,"column":1}},"line":41},"3":{"name":"clearSession","decl":{"start":{"line":57,"column":15},"end":{"line":57,"column":27}},"loc":{"start":{"line":57,"column":36},"end":{"line":65,"column":1}},"line":57},"4":{"name":"activeSessionCount","decl":{"start":{"line":67,"column":15},"end":{"line":67,"column":33}},"loc":{"start":{"line":67,"column":36},"end":{"line":76,"column":1}},"line":67},"5":{"name":"getAllSessions","decl":{"start":{"line":78,"column":15},"end":{"line":78,"column":29}},"loc":{"start":{"line":78,"column":32},"end":{"line":86,"column":1}},"line":78}},"branchMap":{"0":{"loc":{"start":{"line":24,"column":18},"end":{"line":24,"column":56}},"type":"binary-expr","locations":[{"start":{"line":24,"column":18},"end":{"line":24,"column":42}},{"start":{"line":24,"column":46},"end":{"line":24,"column":56}}],"line":24},"1":{"loc":{"start":{"line":26,"column":4},"end":{"line":29,"column":5}},"type":"if","locations":[{"start":{"line":26,"column":4},"end":{"line":29,"column":5}},{"start":{},"end":{}}],"line":26}},"s":{"0":0,"1":0,"2":0,"3":0,"4":0,"5":0,"6":0,"7":0,"8":0,"9":0,"10":0,"11":0,"12":0,"13":0,"14":0,"15":0,"16":0,"17":0,"18":0,"19":0,"20":0,"21":0,"22":0,"23":0,"24":0,"25":0,"26":0,"27":0,"28":0,"29":0,"30":0,"31":0,"32":0,"33":0,"34":0},"f":{"0":0,"1":0,"2":0,"3":0,"4":0,"5":0},"b":{"0":[0,0],"1":[0,0]}}
,"/opt/slimy/app/admin-api/lib/sheets.js": {"path":"/opt/slimy/app/admin-api/lib/sheets.js","statementMap":{"0":{"start":{"line":3,"column":11},"end":{"line":3,"column":24}},"1":{"start":{"line":4,"column":19},"end":{"line":4,"column":48}},"2":{"start":{"line":5,"column":23},"end":{"line":5,"column":53}},"3":{"start":{"line":8,"column":2},"end":{"line":15,"column":3}},"4":{"start":{"line":9,"column":18},"end":{"line":9,"column":77}},"5":{"start":{"line":10,"column":17},"end":{"line":13,"column":6}},"6":{"start":{"line":14,"column":4},"end":{"line":14,"column":16}},"7":{"start":{"line":17,"column":19},"end":{"line":17,"column":61}},"8":{"start":{"line":18,"column":2},"end":{"line":25,"column":3}},"9":{"start":{"line":19,"column":18},"end":{"line":19,"column":63}},"10":{"start":{"line":20,"column":17},"end":{"line":23,"column":6}},"11":{"start":{"line":24,"column":4},"end":{"line":24,"column":16}},"12":{"start":{"line":27,"column":15},"end":{"line":29,"column":4}},"13":{"start":{"line":30,"column":2},"end":{"line":30,"column":14}},"14":{"start":{"line":34,"column":15},"end":{"line":34,"column":30}},"15":{"start":{"line":35,"column":2},"end":{"line":35,"column":41}},"16":{"start":{"line":39,"column":17},"end":{"line":39,"column":40}},"17":{"start":{"line":40,"column":15},"end":{"line":40,"column":63}},"18":{"start":{"line":41,"column":2},"end":{"line":41,"column":63}},"19":{"start":{"line":41,"column":43},"end":{"line":41,"column":61}},"20":{"start":{"line":45,"column":12},"end":{"line":45,"column":70}},"21":{"start":{"line":46,"column":2},"end":{"line":46,"column":19}},"22":{"start":{"line":46,"column":10},"end":{"line":46,"column":19}},"23":{"start":{"line":47,"column":13},"end":{"line":47,"column":18}},"24":{"start":{"line":47,"column":25},"end":{"line":47,"column":30}},"25":{"start":{"line":47,"column":37},"end":{"line":47,"column":42}},"26":{"start":{"line":48,"column":2},"end":{"line":48,"column":51}},"27":{"start":{"line":52,"column":15},"end":{"line":52,"column":44}},"28":{"start":{"line":53,"column":2},"end":{"line":53,"column":68}},"29":{"start":{"line":53,"column":49},"end":{"line":53,"column":68}},"30":{"start":{"line":56,"column":20},"end":{"line":59,"column":32}},"31":{"start":{"line":57,"column":15},"end":{"line":57,"column":47}},"32":{"start":{"line":58,"column":17},"end":{"line":58,"column":25}},"33":{"start":{"line":59,"column":20},"end":{"line":59,"column":31}},"34":{"start":{"line":60,"column":2},"end":{"line":60,"column":46}},"35":{"start":{"line":60,"column":24},"end":{"line":60,"column":46}},"36":{"start":{"line":63,"column":2},"end":{"line":63,"column":57}},"37":{"start":{"line":63,"column":36},"end":{"line":63,"column":57}},"38":{"start":{"line":64,"column":2},"end":{"line":64,"column":25}},"39":{"start":{"line":68,"column":17},"end":{"line":68,"column":40}},"40":{"start":{"line":70,"column":16},"end":{"line":70,"column":33}},"41":{"start":{"line":71,"column":14},"end":{"line":76,"column":4}},"42":{"start":{"line":77,"column":15},"end":{"line":77,"column":36}},"43":{"start":{"line":78,"column":18},"end":{"line":78,"column":20}},"44":{"start":{"line":79,"column":17},"end":{"line":79,"column":18}},"45":{"start":{"line":79,"column":33},"end":{"line":79,"column":34}},"46":{"start":{"line":81,"column":2},"end":{"line":90,"column":3}},"47":{"start":{"line":82,"column":17},"end":{"line":82,"column":49}},"48":{"start":{"line":83,"column":4},"end":{"line":83,"column":24}},"49":{"start":{"line":83,"column":15},"end":{"line":83,"column":24}},"50":{"start":{"line":84,"column":16},"end":{"line":84,"column":35}},"51":{"start":{"line":85,"column":18},"end":{"line":85,"column":37}},"52":{"start":{"line":86,"column":22},"end":{"line":86,"column":77}},"53":{"start":{"line":87,"column":4},"end":{"line":87,"column":50}},"54":{"start":{"line":88,"column":4},"end":{"line":88,"column":46}},"55":{"start":{"line":88,"column":30},"end":{"line":88,"column":46}},"56":{"start":{"line":89,"column":4},"end":{"line":89,"column":52}},"57":{"start":{"line":89,"column":32},"end":{"line":89,"column":52}},"58":{"start":{"line":92,"column":2},"end":{"line":98,"column":4}},"59":{"start":{"line":101,"column":0},"end":{"line":101,"column":42}}},"fnMap":{"0":{"name":"getAuth","decl":{"start":{"line":7,"column":15},"end":{"line":7,"column":22}},"loc":{"start":{"line":7,"column":25},"end":{"line":31,"column":1}},"line":7},"1":{"name":"getSheetsClient","decl":{"start":{"line":33,"column":15},"end":{"line":33,"column":30}},"loc":{"start":{"line":33,"column":33},"end":{"line":36,"column":1}},"line":33},"2":{"name":"listTabs","decl":{"start":{"line":38,"column":15},"end":{"line":38,"column":23}},"loc":{"start":{"line":38,"column":39},"end":{"line":42,"column":1}},"line":38},"3":{"name":"(anonymous_3)","decl":{"start":{"line":41,"column":38},"end":{"line":41,"column":39}},"loc":{"start":{"line":41,"column":43},"end":{"line":41,"column":61}},"line":41},"4":{"name":"parseBaselineTitle","decl":{"start":{"line":44,"column":9},"end":{"line":44,"column":27}},"loc":{"start":{"line":44,"column":31},"end":{"line":49,"column":1}},"line":44},"5":{"name":"chooseTab","decl":{"start":{"line":51,"column":15},"end":{"line":51,"column":24}},"loc":{"start":{"line":51,"column":53},"end":{"line":65,"column":1}},"line":51},"6":{"name":"(anonymous_6)","decl":{"start":{"line":57,"column":9},"end":{"line":57,"column":10}},"loc":{"start":{"line":57,"column":15},"end":{"line":57,"column":47}},"line":57},"7":{"name":"(anonymous_7)","decl":{"start":{"line":58,"column":12},"end":{"line":58,"column":13}},"loc":{"start":{"line":58,"column":17},"end":{"line":58,"column":25}},"line":58},"8":{"name":"(anonymous_8)","decl":{"start":{"line":59,"column":10},"end":{"line":59,"column":11}},"loc":{"start":{"line":59,"column":20},"end":{"line":59,"column":31}},"line":59},"9":{"name":"readStats","decl":{"start":{"line":67,"column":15},"end":{"line":67,"column":24}},"loc":{"start":{"line":67,"column":47},"end":{"line":99,"column":1}},"line":67}},"branchMap":{"0":{"loc":{"start":{"line":8,"column":2},"end":{"line":15,"column":3}},"type":"if","locations":[{"start":{"line":8,"column":2},"end":{"line":15,"column":3}},{"start":{},"end":{}}],"line":8},"1":{"loc":{"start":{"line":18,"column":2},"end":{"line":25,"column":3}},"type":"if","locations":[{"start":{"line":18,"column":2},"end":{"line":25,"column":3}},{"start":{},"end":{}}],"line":18},"2":{"loc":{"start":{"line":18,"column":6},"end":{"line":18,"column":41}},"type":"binary-expr","locations":[{"start":{"line":18,"column":6},"end":{"line":18,"column":14}},{"start":{"line":18,"column":18},"end":{"line":18,"column":41}}],"line":18},"3":{"loc":{"start":{"line":41,"column":10},"end":{"line":41,"column":32}},"type":"binary-expr","locations":[{"start":{"line":41,"column":10},"end":{"line":41,"column":26}},{"start":{"line":41,"column":30},"end":{"line":41,"column":32}}],"line":41},"4":{"loc":{"start":{"line":45,"column":12},"end":{"line":45,"column":70}},"type":"binary-expr","locations":[{"start":{"line":45,"column":12},"end":{"line":45,"column":13}},{"start":{"line":45,"column":17},"end":{"line":45,"column":70}}],"line":45},"5":{"loc":{"start":{"line":46,"column":2},"end":{"line":46,"column":19}},"type":"if","locations":[{"start":{"line":46,"column":2},"end":{"line":46,"column":19}},{"start":{},"end":{}}],"line":46},"6":{"loc":{"start":{"line":53,"column":2},"end":{"line":53,"column":68}},"type":"if","locations":[{"start":{"line":53,"column":2},"end":{"line":53,"column":68}},{"start":{},"end":{}}],"line":53},"7":{"loc":{"start":{"line":53,"column":6},"end":{"line":53,"column":47}},"type":"binary-expr","locations":[{"start":{"line":53,"column":6},"end":{"line":53,"column":17}},{"start":{"line":53,"column":21},"end":{"line":53,"column":47}}],"line":53},"8":{"loc":{"start":{"line":60,"column":2},"end":{"line":60,"column":46}},"type":"if","locations":[{"start":{"line":60,"column":2},"end":{"line":60,"column":46}},{"start":{},"end":{}}],"line":60},"9":{"loc":{"start":{"line":63,"column":2},"end":{"line":63,"column":57}},"type":"if","locations":[{"start":{"line":63,"column":2},"end":{"line":63,"column":57}},{"start":{},"end":{}}],"line":63},"10":{"loc":{"start":{"line":64,"column":9},"end":{"line":64,"column":24}},"type":"binary-expr","locations":[{"start":{"line":64,"column":9},"end":{"line":64,"column":16}},{"start":{"line":64,"column":20},"end":{"line":64,"column":24}}],"line":64},"11":{"loc":{"start":{"line":77,"column":15},"end":{"line":77,"column":36}},"type":"binary-expr","locations":[{"start":{"line":77,"column":15},"end":{"line":77,"column":30}},{"start":{"line":77,"column":34},"end":{"line":77,"column":36}}],"line":77},"12":{"loc":{"start":{"line":82,"column":18},"end":{"line":82,"column":30}},"type":"binary-expr","locations":[{"start":{"line":82,"column":18},"end":{"line":82,"column":24}},{"start":{"line":82,"column":28},"end":{"line":82,"column":30}}],"line":82},"13":{"loc":{"start":{"line":83,"column":4},"end":{"line":83,"column":24}},"type":"if","locations":[{"start":{"line":83,"column":4},"end":{"line":83,"column":24}},{"start":{},"end":{}}],"line":83},"14":{"loc":{"start":{"line":84,"column":23},"end":{"line":84,"column":34}},"type":"binary-expr","locations":[{"start":{"line":84,"column":23},"end":{"line":84,"column":29}},{"start":{"line":84,"column":33},"end":{"line":84,"column":34}}],"line":84},"15":{"loc":{"start":{"line":85,"column":25},"end":{"line":85,"column":36}},"type":"binary-expr","locations":[{"start":{"line":85,"column":25},"end":{"line":85,"column":31}},{"start":{"line":85,"column":35},"end":{"line":85,"column":36}}],"line":85},"16":{"loc":{"start":{"line":86,"column":22},"end":{"line":86,"column":77}},"type":"cond-expr","locations":[{"start":{"line":86,"column":56},"end":{"line":86,"column":60}},{"start":{"line":86,"column":63},"end":{"line":86,"column":77}}],"line":86},"17":{"loc":{"start":{"line":86,"column":22},"end":{"line":86,"column":53}},"type":"binary-expr","locations":[{"start":{"line":86,"column":22},"end":{"line":86,"column":35}},{"start":{"line":86,"column":39},"end":{"line":86,"column":53}}],"line":86},"18":{"loc":{"start":{"line":88,"column":4},"end":{"line":88,"column":46}},"type":"if","locations":[{"start":{"line":88,"column":4},"end":{"line":88,"column":46}},{"start":{},"end":{}}],"line":88},"19":{"loc":{"start":{"line":89,"column":4},"end":{"line":89,"column":52}},"type":"if","locations":[{"start":{"line":89,"column":4},"end":{"line":89,"column":52}},{"start":{},"end":{}}],"line":89}},"s":{"0":0,"1":0,"2":0,"3":0,"4":0,"5":0,"6":0,"7":0,"8":0,"9":0,"10":0,"11":0,"12":0,"13":0,"14":0,"15":0,"16":0,"17":0,"18":0,"19":0,"20":0,"21":0,"22":0,"23":0,"24":0,"25":0,"26":0,"27":0,"28":0,"29":0,"30":0,"31":0,"32":0,"33":0,"34":0,"35":0,"36":0,"37":0,"38":0,"39":0,"40":0,"41":0,"42":0,"43":0,"44":0,"45":0,"46":0,"47":0,"48":0,"49":0,"50":0,"51":0,"52":0,"53":0,"54":0,"55":0,"56":0,"57":0,"58":0,"59":0},"f":{"0":0,"1":0,"2":0,"3":0,"4":0,"5":0,"6":0,"7":0,"8":0,"9":0},"b":{"0":[0,0],"1":[0,0],"2":[0,0],"3":[0,0],"4":[0,0],"5":[0,0],"6":[0,0],"7":[0,0],"8":[0,0],"9":[0,0],"10":[0,0],"11":[0,0],"12":[0,0],"13":[0,0],"14":[0,0],"15":[0,0],"16":[0,0],"17":[0,0],"18":[0,0],"19":[0,0]}}
,"/opt/slimy/app/admin-api/src/app.js": {"path":"/opt/slimy/app/admin-api/src/app.js","statementMap":{"0":{"start":{"line":3,"column":16},"end":{"line":3,"column":34}},"1":{"start":{"line":4,"column":21},"end":{"line":4,"column":45}},"2":{"start":{"line":5,"column":13},"end":{"line":5,"column":28}},"3":{"start":{"line":6,"column":15},"end":{"line":6,"column":32}},"4":{"start":{"line":8,"column":16},"end":{"line":8,"column":51}},"5":{"start":{"line":9,"column":17},"end":{"line":9,"column":42}},"6":{"start":{"line":16,"column":4},"end":{"line":16,"column":35}},"7":{"start":{"line":23,"column":4},"end":{"line":23,"column":25}},"8":{"start":{"line":24,"column":26},"end":{"line":24,"column":49}},"9":{"start":{"line":25,"column":28},"end":{"line":25,"column":62}},"10":{"start":{"line":26,"column":56},"end":{"line":26,"column":93}},"11":{"start":{"line":41,"column":4},"end":{"line":41,"column":27}},"12":{"start":{"line":44,"column":21},"end":{"line":48,"column":76}},"13":{"start":{"line":48,"column":32},"end":{"line":48,"column":68}},"14":{"start":{"line":48,"column":59},"end":{"line":48,"column":67}},"15":{"start":{"line":50,"column":12},"end":{"line":50,"column":21}},"16":{"start":{"line":53,"column":0},"end":{"line":53,"column":29}},"17":{"start":{"line":56,"column":0},"end":{"line":61,"column":2}},"18":{"start":{"line":64,"column":0},"end":{"line":64,"column":29}},"19":{"start":{"line":67,"column":0},"end":{"line":67,"column":23}},"20":{"start":{"line":70,"column":0},"end":{"line":70,"column":28}},"21":{"start":{"line":71,"column":0},"end":{"line":71,"column":24}},"22":{"start":{"line":72,"column":0},"end":{"line":72,"column":40}},"23":{"start":{"line":73,"column":0},"end":{"line":73,"column":48}},"24":{"start":{"line":76,"column":0},"end":{"line":79,"column":3}},"25":{"start":{"line":77,"column":2},"end":{"line":77,"column":26}},"26":{"start":{"line":78,"column":2},"end":{"line":78,"column":9}},"27":{"start":{"line":82,"column":0},"end":{"line":85,"column":3}},"28":{"start":{"line":83,"column":2},"end":{"line":83,"column":19}},"29":{"start":{"line":84,"column":2},"end":{"line":84,"column":9}},"30":{"start":{"line":88,"column":2},"end":{"line":90,"column":3}},"31":{"start":{"line":89,"column":4},"end":{"line":89,"column":27}},"32":{"start":{"line":92,"column":16},"end":{"line":92,"column":42}},"33":{"start":{"line":93,"column":2},"end":{"line":96,"column":3}},"34":{"start":{"line":94,"column":4},"end":{"line":94,"column":27}},"35":{"start":{"line":95,"column":4},"end":{"line":95,"column":16}},"36":{"start":{"line":98,"column":2},"end":{"line":138,"column":3}},"37":{"start":{"line":99,"column":20},"end":{"line":99,"column":40}},"38":{"start":{"line":100,"column":21},"end":{"line":100,"column":34}},"39":{"start":{"line":101,"column":4},"end":{"line":104,"column":5}},"40":{"start":{"line":102,"column":6},"end":{"line":102,"column":29}},"41":{"start":{"line":103,"column":6},"end":{"line":103,"column":18}},"42":{"start":{"line":106,"column":20},"end":{"line":106,"column":43}},"43":{"start":{"line":107,"column":4},"end":{"line":121,"column":5}},"44":{"start":{"line":109,"column":23},"end":{"line":116,"column":7}},"45":{"start":{"line":117,"column":6},"end":{"line":117,"column":28}},"46":{"start":{"line":118,"column":6},"end":{"line":118,"column":33}},"47":{"start":{"line":119,"column":6},"end":{"line":119,"column":26}},"48":{"start":{"line":120,"column":6},"end":{"line":120,"column":22}},"49":{"start":{"line":123,"column":21},"end":{"line":130,"column":5}},"50":{"start":{"line":131,"column":4},"end":{"line":131,"column":31}},"51":{"start":{"line":132,"column":4},"end":{"line":132,"column":24}},"52":{"start":{"line":133,"column":4},"end":{"line":133,"column":20}},"53":{"start":{"line":135,"column":4},"end":{"line":135,"column":72}},"54":{"start":{"line":136,"column":4},"end":{"line":136,"column":27}},"55":{"start":{"line":137,"column":4},"end":{"line":137,"column":16}},"56":{"start":{"line":142,"column":2},"end":{"line":162,"column":3}},"57":{"start":{"line":143,"column":17},"end":{"line":143,"column":33}},"58":{"start":{"line":144,"column":4},"end":{"line":146,"column":5}},"59":{"start":{"line":145,"column":6},"end":{"line":145,"column":38}},"60":{"start":{"line":149,"column":23},"end":{"line":149,"column":60}},"61":{"start":{"line":150,"column":4},"end":{"line":155,"column":5}},"62":{"start":{"line":152,"column":6},"end":{"line":152,"column":28}},"63":{"start":{"line":153,"column":6},"end":{"line":153,"column":27}},"64":{"start":{"line":154,"column":6},"end":{"line":154,"column":36}},"65":{"start":{"line":157,"column":4},"end":{"line":157,"column":20}},"66":{"start":{"line":158,"column":4},"end":{"line":158,"column":53}},"67":{"start":{"line":159,"column":4},"end":{"line":159,"column":11}},"68":{"start":{"line":161,"column":4},"end":{"line":161,"column":16}},"69":{"start":{"line":166,"column":16},"end":{"line":166,"column":43}},"70":{"start":{"line":167,"column":2},"end":{"line":195,"column":4}},"71":{"start":{"line":168,"column":4},"end":{"line":194,"column":5}},"72":{"start":{"line":169,"column":19},"end":{"line":169,"column":35}},"73":{"start":{"line":170,"column":6},"end":{"line":172,"column":7}},"74":{"start":{"line":171,"column":8},"end":{"line":171,"column":40}},"75":{"start":{"line":175,"column":25},"end":{"line":175,"column":62}},"76":{"start":{"line":176,"column":6},"end":{"line":181,"column":7}},"77":{"start":{"line":178,"column":8},"end":{"line":178,"column":30}},"78":{"start":{"line":179,"column":8},"end":{"line":179,"column":29}},"79":{"start":{"line":180,"column":8},"end":{"line":180,"column":38}},"80":{"start":{"line":183,"column":25},"end":{"line":183,"column":61}},"81":{"start":{"line":184,"column":26},"end":{"line":184,"column":48}},"82":{"start":{"line":185,"column":6},"end":{"line":187,"column":7}},"83":{"start":{"line":186,"column":8},"end":{"line":186,"column":42}},"84":{"start":{"line":189,"column":6},"end":{"line":189,"column":22}},"85":{"start":{"line":190,"column":6},"end":{"line":190,"column":55}},"86":{"start":{"line":191,"column":6},"end":{"line":191,"column":13}},"87":{"start":{"line":193,"column":6},"end":{"line":193,"column":18}},"88":{"start":{"line":201,"column":2},"end":{"line":201,"column":14}},"89":{"start":{"line":205,"column":2},"end":{"line":247,"column":4}},"90":{"start":{"line":206,"column":17},"end":{"line":206,"column":33}},"91":{"start":{"line":207,"column":4},"end":{"line":213,"column":5}},"92":{"start":{"line":208,"column":6},"end":{"line":212,"column":9}},"93":{"start":{"line":215,"column":20},"end":{"line":215,"column":41}},"94":{"start":{"line":216,"column":4},"end":{"line":222,"column":5}},"95":{"start":{"line":217,"column":6},"end":{"line":221,"column":9}},"96":{"start":{"line":225,"column":4},"end":{"line":229,"column":5}},"97":{"start":{"line":226,"column":6},"end":{"line":226,"column":22}},"98":{"start":{"line":227,"column":6},"end":{"line":227,"column":55}},"99":{"start":{"line":228,"column":6},"end":{"line":228,"column":20}},"100":{"start":{"line":232,"column":20},"end":{"line":232,"column":54}},"101":{"start":{"line":233,"column":19},"end":{"line":233,"column":55}},"102":{"start":{"line":234,"column":21},"end":{"line":234,"column":71}},"103":{"start":{"line":234,"column":38},"end":{"line":234,"column":70}},"104":{"start":{"line":236,"column":4},"end":{"line":242,"column":5}},"105":{"start":{"line":237,"column":6},"end":{"line":241,"column":9}},"106":{"start":{"line":244,"column":4},"end":{"line":244,"column":20}},"107":{"start":{"line":245,"column":4},"end":{"line":245,"column":26}},"108":{"start":{"line":246,"column":4},"end":{"line":246,"column":11}},"109":{"start":{"line":251,"column":15},"end":{"line":251,"column":31}},"110":{"start":{"line":254,"column":0},"end":{"line":262,"column":3}},"111":{"start":{"line":255,"column":2},"end":{"line":261,"column":5}},"112":{"start":{"line":265,"column":0},"end":{"line":271,"column":1}},"113":{"start":{"line":266,"column":21},"end":{"line":266,"column":45}},"114":{"start":{"line":267,"column":2},"end":{"line":267,"column":34}},"115":{"start":{"line":268,"column":2},"end":{"line":268,"column":53}},"116":{"start":{"line":270,"column":2},"end":{"line":270,"column":71}},"117":{"start":{"line":273,"column":0},"end":{"line":279,"column":1}},"118":{"start":{"line":274,"column":23},"end":{"line":274,"column":49}},"119":{"start":{"line":275,"column":2},"end":{"line":275,"column":38}},"120":{"start":{"line":276,"column":2},"end":{"line":276,"column":55}},"121":{"start":{"line":278,"column":2},"end":{"line":278,"column":73}},"122":{"start":{"line":281,"column":0},"end":{"line":287,"column":1}},"123":{"start":{"line":282,"column":29},"end":{"line":282,"column":62}},"124":{"start":{"line":283,"column":2},"end":{"line":283,"column":43}},"125":{"start":{"line":284,"column":2},"end":{"line":284,"column":54}},"126":{"start":{"line":286,"column":2},"end":{"line":286,"column":80}},"127":{"start":{"line":290,"column":0},"end":{"line":290,"column":24}},"128":{"start":{"line":291,"column":0},"end":{"line":291,"column":21}},"129":{"start":{"line":294,"column":23},"end":{"line":294,"column":39}},"130":{"start":{"line":295,"column":23},"end":{"line":295,"column":39}},"131":{"start":{"line":296,"column":24},"end":{"line":296,"column":40}},"132":{"start":{"line":299,"column":133},"end":{"line":299,"column":161}},"133":{"start":{"line":301,"column":0},"end":{"line":303,"column":3}},"134":{"start":{"line":302,"column":2},"end":{"line":302,"column":41}},"135":{"start":{"line":305,"column":0},"end":{"line":307,"column":3}},"136":{"start":{"line":306,"column":2},"end":{"line":306,"column":41}},"137":{"start":{"line":309,"column":0},"end":{"line":311,"column":3}},"138":{"start":{"line":310,"column":2},"end":{"line":310,"column":41}},"139":{"start":{"line":313,"column":0},"end":{"line":315,"column":3}},"140":{"start":{"line":314,"column":2},"end":{"line":314,"column":70}},"141":{"start":{"line":318,"column":0},"end":{"line":318,"column":38}},"142":{"start":{"line":319,"column":0},"end":{"line":319,"column":38}},"143":{"start":{"line":320,"column":0},"end":{"line":320,"column":40}},"144":{"start":{"line":323,"column":0},"end":{"line":323,"column":25}},"145":{"start":{"line":326,"column":0},"end":{"line":326,"column":22}},"146":{"start":{"line":328,"column":0},"end":{"line":328,"column":21}}},"fnMap":{"0":{"name":"(anonymous_0)","decl":{"start":{"line":48,"column":22},"end":{"line":48,"column":23}},"loc":{"start":{"line":48,"column":32},"end":{"line":48,"column":68}},"line":48},"1":{"name":"(anonymous_1)","decl":{"start":{"line":48,"column":54},"end":{"line":48,"column":55}},"loc":{"start":{"line":48,"column":59},"end":{"line":48,"column":67}},"line":48},"2":{"name":"(anonymous_2)","decl":{"start":{"line":76,"column":8},"end":{"line":76,"column":9}},"loc":{"start":{"line":76,"column":29},"end":{"line":79,"column":1}},"line":76},"3":{"name":"(anonymous_3)","decl":{"start":{"line":82,"column":8},"end":{"line":82,"column":9}},"loc":{"start":{"line":82,"column":29},"end":{"line":85,"column":1}},"line":82},"4":{"name":"resolveUser","decl":{"start":{"line":87,"column":9},"end":{"line":87,"column":20}},"loc":{"start":{"line":87,"column":26},"end":{"line":139,"column":1}},"line":87},"5":{"name":"requireAuth","decl":{"start":{"line":141,"column":15},"end":{"line":141,"column":26}},"loc":{"start":{"line":141,"column":43},"end":{"line":163,"column":1}},"line":141},"6":{"name":"requireRole","decl":{"start":{"line":165,"column":9},"end":{"line":165,"column":20}},"loc":{"start":{"line":165,"column":30},"end":{"line":196,"column":1}},"line":165},"7":{"name":"(anonymous_7)","decl":{"start":{"line":167,"column":9},"end":{"line":167,"column":10}},"loc":{"start":{"line":167,"column":35},"end":{"line":195,"column":3}},"line":167},"8":{"name":"ensureValidAccessToken","decl":{"start":{"line":199,"column":15},"end":{"line":199,"column":37}},"loc":{"start":{"line":199,"column":46},"end":{"line":202,"column":1}},"line":199},"9":{"name":"requireGuildMember","decl":{"start":{"line":204,"column":9},"end":{"line":204,"column":27}},"loc":{"start":{"line":204,"column":51},"end":{"line":248,"column":1}},"line":204},"10":{"name":"(anonymous_10)","decl":{"start":{"line":205,"column":9},"end":{"line":205,"column":10}},"loc":{"start":{"line":205,"column":29},"end":{"line":247,"column":3}},"line":205},"11":{"name":"(anonymous_11)","decl":{"start":{"line":234,"column":33},"end":{"line":234,"column":34}},"loc":{"start":{"line":234,"column":38},"end":{"line":234,"column":70}},"line":234},"12":{"name":"(anonymous_12)","decl":{"start":{"line":254,"column":22},"end":{"line":254,"column":23}},"loc":{"start":{"line":254,"column":36},"end":{"line":262,"column":1}},"line":254},"13":{"name":"(anonymous_13)","decl":{"start":{"line":301,"column":56},"end":{"line":301,"column":57}},"loc":{"start":{"line":301,"column":70},"end":{"line":303,"column":1}},"line":301},"14":{"name":"(anonymous_14)","decl":{"start":{"line":305,"column":66},"end":{"line":305,"column":67}},"loc":{"start":{"line":305,"column":80},"end":{"line":307,"column":1}},"line":305},"15":{"name":"(anonymous_15)","decl":{"start":{"line":309,"column":64},"end":{"line":309,"column":65}},"loc":{"start":{"line":309,"column":78},"end":{"line":311,"column":1}},"line":309},"16":{"name":"(anonymous_16)","decl":{"start":{"line":313,"column":81},"end":{"line":313,"column":82}},"loc":{"start":{"line":313,"column":95},"end":{"line":315,"column":1}},"line":313}},"branchMap":{"0":{"loc":{"start":{"line":88,"column":2},"end":{"line":90,"column":3}},"type":"if","locations":[{"start":{"line":88,"column":2},"end":{"line":90,"column":3}},{"start":{},"end":{}}],"line":88},"1":{"loc":{"start":{"line":93,"column":2},"end":{"line":96,"column":3}},"type":"if","locations":[{"start":{"line":93,"column":2},"end":{"line":96,"column":3}},{"start":{},"end":{}}],"line":93},"2":{"loc":{"start":{"line":101,"column":4},"end":{"line":104,"column":5}},"type":"if","locations":[{"start":{"line":101,"column":4},"end":{"line":104,"column":5}},{"start":{},"end":{}}],"line":101},"3":{"loc":{"start":{"line":107,"column":4},"end":{"line":121,"column":5}},"type":"if","locations":[{"start":{"line":107,"column":4},"end":{"line":121,"column":5}},{"start":{},"end":{}}],"line":107},"4":{"loc":{"start":{"line":111,"column":18},"end":{"line":111,"column":68}},"type":"binary-expr","locations":[{"start":{"line":111,"column":18},"end":{"line":111,"column":35}},{"start":{"line":111,"column":39},"end":{"line":111,"column":58}},{"start":{"line":111,"column":62},"end":{"line":111,"column":68}}],"line":111},"5":{"loc":{"start":{"line":112,"column":20},"end":{"line":112,"column":70}},"type":"binary-expr","locations":[{"start":{"line":112,"column":20},"end":{"line":112,"column":39}},{"start":{"line":112,"column":43},"end":{"line":112,"column":60}},{"start":{"line":112,"column":64},"end":{"line":112,"column":70}}],"line":112},"6":{"loc":{"start":{"line":113,"column":16},"end":{"line":113,"column":39}},"type":"binary-expr","locations":[{"start":{"line":113,"column":16},"end":{"line":113,"column":31}},{"start":{"line":113,"column":35},"end":{"line":113,"column":39}}],"line":113},"7":{"loc":{"start":{"line":114,"column":14},"end":{"line":114,"column":55}},"type":"binary-expr","locations":[{"start":{"line":114,"column":14},"end":{"line":114,"column":26}},{"start":{"line":114,"column":30},"end":{"line":114,"column":43}},{"start":{"line":114,"column":47},"end":{"line":114,"column":55}}],"line":114},"8":{"loc":{"start":{"line":115,"column":16},"end":{"line":115,"column":36}},"type":"binary-expr","locations":[{"start":{"line":115,"column":16},"end":{"line":115,"column":30}},{"start":{"line":115,"column":34},"end":{"line":115,"column":36}}],"line":115},"9":{"loc":{"start":{"line":125,"column":16},"end":{"line":125,"column":66}},"type":"binary-expr","locations":[{"start":{"line":125,"column":16},"end":{"line":125,"column":33}},{"start":{"line":125,"column":37},"end":{"line":125,"column":56}},{"start":{"line":125,"column":60},"end":{"line":125,"column":66}}],"line":125},"10":{"loc":{"start":{"line":126,"column":18},"end":{"line":126,"column":68}},"type":"binary-expr","locations":[{"start":{"line":126,"column":18},"end":{"line":126,"column":37}},{"start":{"line":126,"column":41},"end":{"line":126,"column":58}},{"start":{"line":126,"column":62},"end":{"line":126,"column":68}}],"line":126},"11":{"loc":{"start":{"line":127,"column":14},"end":{"line":127,"column":37}},"type":"binary-expr","locations":[{"start":{"line":127,"column":14},"end":{"line":127,"column":29}},{"start":{"line":127,"column":33},"end":{"line":127,"column":37}}],"line":127},"12":{"loc":{"start":{"line":128,"column":12},"end":{"line":128,"column":37}},"type":"binary-expr","locations":[{"start":{"line":128,"column":12},"end":{"line":128,"column":25}},{"start":{"line":128,"column":29},"end":{"line":128,"column":37}}],"line":128},"13":{"loc":{"start":{"line":129,"column":14},"end":{"line":129,"column":35}},"type":"binary-expr","locations":[{"start":{"line":129,"column":14},"end":{"line":129,"column":29}},{"start":{"line":129,"column":33},"end":{"line":129,"column":35}}],"line":129},"14":{"loc":{"start":{"line":144,"column":4},"end":{"line":146,"column":5}},"type":"if","locations":[{"start":{"line":144,"column":4},"end":{"line":146,"column":5}},{"start":{},"end":{}}],"line":144},"15":{"loc":{"start":{"line":150,"column":4},"end":{"line":155,"column":5}},"type":"if","locations":[{"start":{"line":150,"column":4},"end":{"line":155,"column":5}},{"start":{},"end":{}}],"line":150},"16":{"loc":{"start":{"line":150,"column":8},"end":{"line":150,"column":42}},"type":"binary-expr","locations":[{"start":{"line":150,"column":8},"end":{"line":150,"column":19}},{"start":{"line":150,"column":23},"end":{"line":150,"column":42}}],"line":150},"17":{"loc":{"start":{"line":158,"column":18},"end":{"line":158,"column":52}},"type":"binary-expr","locations":[{"start":{"line":158,"column":18},"end":{"line":158,"column":29}},{"start":{"line":158,"column":33},"end":{"line":158,"column":52}}],"line":158},"18":{"loc":{"start":{"line":170,"column":6},"end":{"line":172,"column":7}},"type":"if","locations":[{"start":{"line":170,"column":6},"end":{"line":172,"column":7}},{"start":{},"end":{}}],"line":170},"19":{"loc":{"start":{"line":176,"column":6},"end":{"line":181,"column":7}},"type":"if","locations":[{"start":{"line":176,"column":6},"end":{"line":181,"column":7}},{"start":{},"end":{}}],"line":176},"20":{"loc":{"start":{"line":176,"column":10},"end":{"line":176,"column":44}},"type":"binary-expr","locations":[{"start":{"line":176,"column":10},"end":{"line":176,"column":21}},{"start":{"line":176,"column":25},"end":{"line":176,"column":44}}],"line":176},"21":{"loc":{"start":{"line":183,"column":39},"end":{"line":183,"column":60}},"type":"binary-expr","locations":[{"start":{"line":183,"column":39},"end":{"line":183,"column":48}},{"start":{"line":183,"column":52},"end":{"line":183,"column":60}}],"line":183},"22":{"loc":{"start":{"line":185,"column":6},"end":{"line":187,"column":7}},"type":"if","locations":[{"start":{"line":185,"column":6},"end":{"line":187,"column":7}},{"start":{},"end":{}}],"line":185},"23":{"loc":{"start":{"line":190,"column":20},"end":{"line":190,"column":54}},"type":"binary-expr","locations":[{"start":{"line":190,"column":20},"end":{"line":190,"column":31}},{"start":{"line":190,"column":35},"end":{"line":190,"column":54}}],"line":190},"24":{"loc":{"start":{"line":204,"column":28},"end":{"line":204,"column":49}},"type":"default-arg","locations":[{"start":{"line":204,"column":40},"end":{"line":204,"column":49}}],"line":204},"25":{"loc":{"start":{"line":207,"column":4},"end":{"line":213,"column":5}},"type":"if","locations":[{"start":{"line":207,"column":4},"end":{"line":213,"column":5}},{"start":{},"end":{}}],"line":207},"26":{"loc":{"start":{"line":216,"column":4},"end":{"line":222,"column":5}},"type":"if","locations":[{"start":{"line":216,"column":4},"end":{"line":222,"column":5}},{"start":{},"end":{}}],"line":216},"27":{"loc":{"start":{"line":225,"column":4},"end":{"line":229,"column":5}},"type":"if","locations":[{"start":{"line":225,"column":4},"end":{"line":229,"column":5}},{"start":{},"end":{}}],"line":225},"28":{"loc":{"start":{"line":227,"column":20},"end":{"line":227,"column":54}},"type":"binary-expr","locations":[{"start":{"line":227,"column":20},"end":{"line":227,"column":31}},{"start":{"line":227,"column":35},"end":{"line":227,"column":54}}],"line":227},"29":{"loc":{"start":{"line":232,"column":20},"end":{"line":232,"column":54}},"type":"binary-expr","locations":[{"start":{"line":232,"column":20},"end":{"line":232,"column":31}},{"start":{"line":232,"column":35},"end":{"line":232,"column":54}}],"line":232},"30":{"loc":{"start":{"line":233,"column":19},"end":{"line":233,"column":55}},"type":"binary-expr","locations":[{"start":{"line":233,"column":19},"end":{"line":233,"column":34}},{"start":{"line":233,"column":38},"end":{"line":233,"column":49}},{"start":{"line":233,"column":53},"end":{"line":233,"column":55}}],"line":233},"31":{"loc":{"start":{"line":236,"column":4},"end":{"line":242,"column":5}},"type":"if","locations":[{"start":{"line":236,"column":4},"end":{"line":242,"column":5}},{"start":{},"end":{}}],"line":236},"32":{"loc":{"start":{"line":260,"column":14},"end":{"line":260,"column":64}},"type":"cond-expr","locations":[{"start":{"line":260,"column":40},"end":{"line":260,"column":51}},{"start":{"line":260,"column":54},"end":{"line":260,"column":64}}],"line":260}},"s":{"0":0,"1":0,"2":0,"3":0,"4":0,"5":0,"6":0,"7":0,"8":0,"9":0,"10":0,"11":0,"12":0,"13":0,"14":0,"15":0,"16":0,"17":0,"18":0,"19":0,"20":0,"21":0,"22":0,"23":0,"24":0,"25":0,"26":0,"27":0,"28":0,"29":0,"30":0,"31":0,"32":0,"33":0,"34":0,"35":0,"36":0,"37":0,"38":0,"39":0,"40":0,"41":0,"42":0,"43":0,"44":0,"45":0,"46":0,"47":0,"48":0,"49":0,"50":0,"51":0,"52":0,"53":0,"54":0,"55":0,"56":0,"57":0,"58":0,"59":0,"60":0,"61":0,"62":0,"63":0,"64":0,"65":0,"66":0,"67":0,"68":0,"69":0,"70":0,"71":0,"72":0,"73":0,"74":0,"75":0,"76":0,"77":0,"78":0,"79":0,"80":0,"81":0,"82":0,"83":0,"84":0,"85":0,"86":0,"87":0,"88":0,"89":0,"90":0,"91":0,"92":0,"93":0,"94":0,"95":0,"96":0,"97":0,"98":0,"99":0,"100":0,"101":0,"102":0,"103":0,"104":0,"105":0,"106":0,"107":0,"108":0,"109":0,"110":0,"111":0,"112":0,"113":0,"114":0,"115":0,"116":0,"117":0,"118":0,"119":0,"120":0,"121":0,"122":0,"123":0,"124":0,"125":0,"126":0,"127":0,"128":0,"129":0,"130":0,"131":0,"132":0,"133":0,"134":0,"135":0,"136":0,"137":0,"138":0,"139":0,"140":0,"141":0,"142":0,"143":0,"144":0,"145":0,"146":0},"f":{"0":0,"1":0,"2":0,"3":0,"4":0,"5":0,"6":0,"7":0,"8":0,"9":0,"10":0,"11":0,"12":0,"13":0,"14":0,"15":0,"16":0},"b":{"0":[0,0],"1":[0,0],"2":[0,0],"3":[0,0],"4":[0,0,0],"5":[0,0,0],"6":[0,0],"7":[0,0,0],"8":[0,0],"9":[0,0,0],"10":[0,0,0],"11":[0,0],"12":[0,0],"13":[0,0],"14":[0,0],"15":[0,0],"16":[0,0],"17":[0,0],"18":[0,0],"19":[0,0],"20":[0,0],"21":[0,0],"22":[0,0],"23":[0,0],"24":[0],"25":[0,0],"26":[0,0],"27":[0,0],"28":[0,0],"29":[0,0],"30":[0,0,0],"31":[0,0],"32":[0,0]}}
,"/opt/slimy/app/admin-api/src/lib/alerts.js": {"path":"/opt/slimy/app/admin-api/src/lib/alerts.js","statementMap":{"0":{"start":{"line":3,"column":41},"end":{"line":3,"column":71}},"1":{"start":{"line":4,"column":15},"end":{"line":4,"column":34}},"2":{"start":{"line":7,"column":25},"end":{"line":42,"column":1}},"3":{"start":{"line":45,"column":20},"end":{"line":45,"column":29}},"4":{"start":{"line":46,"column":23},"end":{"line":46,"column":32}},"5":{"start":{"line":47,"column":26},"end":{"line":47,"column":39}},"6":{"start":{"line":50,"column":14},"end":{"line":50,"column":24}},"7":{"start":{"line":51,"column":22},"end":{"line":51,"column":47}},"8":{"start":{"line":54,"column":24},"end":{"line":54,"column":55}},"9":{"start":{"line":55,"column":2},"end":{"line":57,"column":3}},"10":{"start":{"line":56,"column":4},"end":{"line":56,"column":17}},"11":{"start":{"line":60,"column":23},"end":{"line":60,"column":48}},"12":{"start":{"line":61,"column":2},"end":{"line":63,"column":3}},"13":{"start":{"line":62,"column":4},"end":{"line":62,"column":16}},"14":{"start":{"line":65,"column":2},"end":{"line":65,"column":15}},"15":{"start":{"line":69,"column":2},"end":{"line":71,"column":3}},"16":{"start":{"line":70,"column":4},"end":{"line":70,"column":11}},"17":{"start":{"line":74,"column":2},"end":{"line":79,"column":5}},"18":{"start":{"line":82,"column":2},"end":{"line":82,"column":60}},"19":{"start":{"line":85,"column":2},"end":{"line":90,"column":26}},"20":{"start":{"line":93,"column":2},"end":{"line":105,"column":3}},"21":{"start":{"line":94,"column":4},"end":{"line":98,"column":7}},"22":{"start":{"line":100,"column":4},"end":{"line":104,"column":7}},"23":{"start":{"line":112,"column":23},"end":{"line":112,"column":48}},"24":{"start":{"line":113,"column":2},"end":{"line":121,"column":3}},"25":{"start":{"line":114,"column":4},"end":{"line":118,"column":38}},"26":{"start":{"line":120,"column":4},"end":{"line":120,"column":33}},"27":{"start":{"line":126,"column":20},"end":{"line":126,"column":44}},"28":{"start":{"line":128,"column":2},"end":{"line":140,"column":3}},"29":{"start":{"line":129,"column":4},"end":{"line":132,"column":6}},"30":{"start":{"line":133,"column":9},"end":{"line":140,"column":3}},"31":{"start":{"line":134,"column":4},"end":{"line":137,"column":6}},"32":{"start":{"line":139,"column":4},"end":{"line":139,"column":36}},"33":{"start":{"line":144,"column":14},"end":{"line":144,"column":38}},"34":{"start":{"line":145,"column":14},"end":{"line":145,"column":38}},"35":{"start":{"line":147,"column":2},"end":{"line":159,"column":3}},"36":{"start":{"line":148,"column":4},"end":{"line":151,"column":6}},"37":{"start":{"line":152,"column":9},"end":{"line":159,"column":3}},"38":{"start":{"line":153,"column":4},"end":{"line":156,"column":6}},"39":{"start":{"line":158,"column":4},"end":{"line":158,"column":43}},"40":{"start":{"line":161,"column":2},"end":{"line":173,"column":3}},"41":{"start":{"line":162,"column":4},"end":{"line":165,"column":6}},"42":{"start":{"line":166,"column":9},"end":{"line":173,"column":3}},"43":{"start":{"line":167,"column":4},"end":{"line":170,"column":6}},"44":{"start":{"line":172,"column":4},"end":{"line":172,"column":43}},"45":{"start":{"line":177,"column":29},"end":{"line":177,"column":99}},"46":{"start":{"line":179,"column":2},"end":{"line":201,"column":3}},"47":{"start":{"line":180,"column":4},"end":{"line":188,"column":6}},"48":{"start":{"line":189,"column":9},"end":{"line":201,"column":3}},"49":{"start":{"line":190,"column":4},"end":{"line":198,"column":6}},"50":{"start":{"line":200,"column":4},"end":{"line":200,"column":38}},"51":{"start":{"line":205,"column":23},"end":{"line":205,"column":56}},"52":{"start":{"line":207,"column":2},"end":{"line":219,"column":3}},"53":{"start":{"line":208,"column":4},"end":{"line":211,"column":6}},"54":{"start":{"line":212,"column":9},"end":{"line":219,"column":3}},"55":{"start":{"line":213,"column":4},"end":{"line":216,"column":6}},"56":{"start":{"line":218,"column":4},"end":{"line":218,"column":42}},"57":{"start":{"line":223,"column":2},"end":{"line":233,"column":3}},"58":{"start":{"line":224,"column":4},"end":{"line":230,"column":6}},"59":{"start":{"line":232,"column":4},"end":{"line":232,"column":38}},"60":{"start":{"line":238,"column":2},"end":{"line":250,"column":3}},"61":{"start":{"line":239,"column":4},"end":{"line":239,"column":28}},"62":{"start":{"line":240,"column":4},"end":{"line":240,"column":32}},"63":{"start":{"line":241,"column":4},"end":{"line":241,"column":30}},"64":{"start":{"line":242,"column":4},"end":{"line":242,"column":38}},"65":{"start":{"line":244,"column":4},"end":{"line":246,"column":5}},"66":{"start":{"line":245,"column":6},"end":{"line":245,"column":38}},"67":{"start":{"line":248,"column":4},"end":{"line":248,"column":88}},"68":{"start":{"line":249,"column":4},"end":{"line":249,"column":55}},"69":{"start":{"line":255,"column":2},"end":{"line":261,"column":6}},"70":{"start":{"line":255,"column":66},"end":{"line":261,"column":3}},"71":{"start":{"line":266,"column":22},"end":{"line":266,"column":110}},"72":{"start":{"line":268,"column":2},"end":{"line":334,"column":4}},"73":{"start":{"line":337,"column":0},"end":{"line":342,"column":2}}},"fnMap":{"0":{"name":"shouldTriggerAlert","decl":{"start":{"line":49,"column":9},"end":{"line":49,"column":27}},"loc":{"start":{"line":49,"column":48},"end":{"line":66,"column":1}},"line":49},"1":{"name":"triggerAlert","decl":{"start":{"line":68,"column":9},"end":{"line":68,"column":21}},"loc":{"start":{"line":68,"column":65},"end":{"line":109,"column":1}},"line":68},"2":{"name":"resolveAlert","decl":{"start":{"line":111,"column":9},"end":{"line":111,"column":21}},"loc":{"start":{"line":111,"column":32},"end":{"line":122,"column":1}},"line":111},"3":{"name":"checkErrorRate","decl":{"start":{"line":125,"column":9},"end":{"line":125,"column":23}},"loc":{"start":{"line":125,"column":33},"end":{"line":141,"column":1}},"line":125},"4":{"name":"checkResponseTimes","decl":{"start":{"line":143,"column":9},"end":{"line":143,"column":27}},"loc":{"start":{"line":143,"column":37},"end":{"line":174,"column":1}},"line":143},"5":{"name":"checkMemoryUsage","decl":{"start":{"line":176,"column":9},"end":{"line":176,"column":25}},"loc":{"start":{"line":176,"column":35},"end":{"line":202,"column":1}},"line":176},"6":{"name":"checkDatabasePerformance","decl":{"start":{"line":204,"column":9},"end":{"line":204,"column":33}},"loc":{"start":{"line":204,"column":43},"end":{"line":220,"column":1}},"line":204},"7":{"name":"checkHealthStatus","decl":{"start":{"line":222,"column":9},"end":{"line":222,"column":26}},"loc":{"start":{"line":222,"column":41},"end":{"line":234,"column":1}},"line":222},"8":{"name":"checkAlerts","decl":{"start":{"line":237,"column":9},"end":{"line":237,"column":20}},"loc":{"start":{"line":237,"column":51},"end":{"line":251,"column":1}},"line":237},"9":{"name":"getAlertStates","decl":{"start":{"line":254,"column":9},"end":{"line":254,"column":23}},"loc":{"start":{"line":254,"column":26},"end":{"line":262,"column":1}},"line":254},"10":{"name":"(anonymous_10)","decl":{"start":{"line":255,"column":47},"end":{"line":255,"column":48}},"loc":{"start":{"line":255,"column":66},"end":{"line":261,"column":3}},"line":255},"11":{"name":"generatePrometheusAlertRules","decl":{"start":{"line":265,"column":9},"end":{"line":265,"column":37}},"loc":{"start":{"line":265,"column":40},"end":{"line":335,"column":1}},"line":265}},"branchMap":{"0":{"loc":{"start":{"line":55,"column":2},"end":{"line":57,"column":3}},"type":"if","locations":[{"start":{"line":55,"column":2},"end":{"line":57,"column":3}},{"start":{},"end":{}}],"line":55},"1":{"loc":{"start":{"line":55,"column":6},"end":{"line":55,"column":64}},"type":"binary-expr","locations":[{"start":{"line":55,"column":6},"end":{"line":55,"column":19}},{"start":{"line":55,"column":23},"end":{"line":55,"column":64}}],"line":55},"2":{"loc":{"start":{"line":61,"column":2},"end":{"line":63,"column":3}},"type":"if","locations":[{"start":{"line":61,"column":2},"end":{"line":63,"column":3}},{"start":{},"end":{}}],"line":61},"3":{"loc":{"start":{"line":61,"column":6},"end":{"line":61,"column":57}},"type":"binary-expr","locations":[{"start":{"line":61,"column":6},"end":{"line":61,"column":19}},{"start":{"line":61,"column":23},"end":{"line":61,"column":57}}],"line":61},"4":{"loc":{"start":{"line":68,"column":51},"end":{"line":68,"column":63}},"type":"default-arg","locations":[{"start":{"line":68,"column":61},"end":{"line":68,"column":63}}],"line":68},"5":{"loc":{"start":{"line":69,"column":2},"end":{"line":71,"column":3}},"type":"if","locations":[{"start":{"line":69,"column":2},"end":{"line":71,"column":3}},{"start":{},"end":{}}],"line":69},"6":{"loc":{"start":{"line":85,"column":9},"end":{"line":85,"column":51}},"type":"cond-expr","locations":[{"start":{"line":85,"column":35},"end":{"line":85,"column":42}},{"start":{"line":85,"column":45},"end":{"line":85,"column":51}}],"line":85},"7":{"loc":{"start":{"line":93,"column":2},"end":{"line":105,"column":3}},"type":"if","locations":[{"start":{"line":93,"column":2},"end":{"line":105,"column":3}},{"start":{"line":99,"column":9},"end":{"line":105,"column":3}}],"line":93},"8":{"loc":{"start":{"line":113,"column":2},"end":{"line":121,"column":3}},"type":"if","locations":[{"start":{"line":113,"column":2},"end":{"line":121,"column":3}},{"start":{},"end":{}}],"line":113},"9":{"loc":{"start":{"line":128,"column":2},"end":{"line":140,"column":3}},"type":"if","locations":[{"start":{"line":128,"column":2},"end":{"line":140,"column":3}},{"start":{"line":133,"column":9},"end":{"line":140,"column":3}}],"line":128},"10":{"loc":{"start":{"line":133,"column":9},"end":{"line":140,"column":3}},"type":"if","locations":[{"start":{"line":133,"column":9},"end":{"line":140,"column":3}},{"start":{"line":138,"column":9},"end":{"line":140,"column":3}}],"line":133},"11":{"loc":{"start":{"line":147,"column":2},"end":{"line":159,"column":3}},"type":"if","locations":[{"start":{"line":147,"column":2},"end":{"line":159,"column":3}},{"start":{"line":152,"column":9},"end":{"line":159,"column":3}}],"line":147},"12":{"loc":{"start":{"line":152,"column":9},"end":{"line":159,"column":3}},"type":"if","locations":[{"start":{"line":152,"column":9},"end":{"line":159,"column":3}},{"start":{"line":157,"column":9},"end":{"line":159,"column":3}}],"line":152},"13":{"loc":{"start":{"line":161,"column":2},"end":{"line":173,"column":3}},"type":"if","locations":[{"start":{"line":161,"column":2},"end":{"line":173,"column":3}},{"start":{"line":166,"column":9},"end":{"line":173,"column":3}}],"line":161},"14":{"loc":{"start":{"line":166,"column":9},"end":{"line":173,"column":3}},"type":"if","locations":[{"start":{"line":166,"column":9},"end":{"line":173,"column":3}},{"start":{"line":171,"column":9},"end":{"line":173,"column":3}}],"line":166},"15":{"loc":{"start":{"line":179,"column":2},"end":{"line":201,"column":3}},"type":"if","locations":[{"start":{"line":179,"column":2},"end":{"line":201,"column":3}},{"start":{"line":189,"column":9},"end":{"line":201,"column":3}}],"line":179},"16":{"loc":{"start":{"line":189,"column":9},"end":{"line":201,"column":3}},"type":"if","locations":[{"start":{"line":189,"column":9},"end":{"line":201,"column":3}},{"start":{"line":199,"column":9},"end":{"line":201,"column":3}}],"line":189},"17":{"loc":{"start":{"line":207,"column":2},"end":{"line":219,"column":3}},"type":"if","locations":[{"start":{"line":207,"column":2},"end":{"line":219,"column":3}},{"start":{"line":212,"column":9},"end":{"line":219,"column":3}}],"line":207},"18":{"loc":{"start":{"line":212,"column":9},"end":{"line":219,"column":3}},"type":"if","locations":[{"start":{"line":212,"column":9},"end":{"line":219,"column":3}},{"start":{"line":217,"column":9},"end":{"line":219,"column":3}}],"line":212},"19":{"loc":{"start":{"line":223,"column":2},"end":{"line":233,"column":3}},"type":"if","locations":[{"start":{"line":223,"column":2},"end":{"line":233,"column":3}},{"start":{"line":231,"column":9},"end":{"line":233,"column":3}}],"line":223},"20":{"loc":{"start":{"line":237,"column":30},"end":{"line":237,"column":49}},"type":"default-arg","locations":[{"start":{"line":237,"column":45},"end":{"line":237,"column":49}}],"line":237},"21":{"loc":{"start":{"line":244,"column":4},"end":{"line":246,"column":5}},"type":"if","locations":[{"start":{"line":244,"column":4},"end":{"line":246,"column":5}},{"start":{},"end":{}}],"line":244},"22":{"loc":{"start":{"line":266,"column":23},"end":{"line":266,"column":78}},"type":"binary-expr","locations":[{"start":{"line":266,"column":23},"end":{"line":266,"column":57}},{"start":{"line":266,"column":61},"end":{"line":266,"column":78}}],"line":266}},"s":{"0":0,"1":0,"2":0,"3":0,"4":0,"5":0,"6":0,"7":0,"8":0,"9":0,"10":0,"11":0,"12":0,"13":0,"14":0,"15":0,"16":0,"17":0,"18":0,"19":0,"20":0,"21":0,"22":0,"23":0,"24":0,"25":0,"26":0,"27":0,"28":0,"29":0,"30":0,"31":0,"32":0,"33":0,"34":0,"35":0,"36":0,"37":0,"38":0,"39":0,"40":0,"41":0,"42":0,"43":0,"44":0,"45":0,"46":0,"47":0,"48":0,"49":0,"50":0,"51":0,"52":0,"53":0,"54":0,"55":0,"56":0,"57":0,"58":0,"59":0,"60":0,"61":0,"62":0,"63":0,"64":0,"65":0,"66":0,"67":0,"68":0,"69":0,"70":0,"71":0,"72":0,"73":0},"f":{"0":0,"1":0,"2":0,"3":0,"4":0,"5":0,"6":0,"7":0,"8":0,"9":0,"10":0,"11":0},"b":{"0":[0,0],"1":[0,0],"2":[0,0],"3":[0,0],"4":[0],"5":[0,0],"6":[0,0],"7":[0,0],"8":[0,0],"9":[0,0],"10":[0,0],"11":[0,0],"12":[0,0],"13":[0,0],"14":[0,0],"15":[0,0],"16":[0,0],"17":[0,0],"18":[0,0],"19":[0,0],"20":[0],"21":[0,0],"22":[0,0]}}
,"/opt/slimy/app/admin-api/src/lib/database.js": {"path":"/opt/slimy/app/admin-api/src/lib/database.js","statementMap":{"0":{"start":{"line":1,"column":25},"end":{"line":1,"column":50}},"1":{"start":{"line":2,"column":16},"end":{"line":2,"column":47}},"2":{"start":{"line":6,"column":4},"end":{"line":6,"column":23}},"3":{"start":{"line":7,"column":4},"end":{"line":7,"column":31}},"4":{"start":{"line":11,"column":4},"end":{"line":13,"column":5}},"5":{"start":{"line":12,"column":6},"end":{"line":12,"column":18}},"6":{"start":{"line":15,"column":4},"end":{"line":47,"column":5}},"7":{"start":{"line":16,"column":6},"end":{"line":18,"column":9}},"8":{"start":{"line":21,"column":6},"end":{"line":35,"column":9}},"9":{"start":{"line":22,"column":26},"end":{"line":22,"column":36}},"10":{"start":{"line":23,"column":8},"end":{"line":34,"column":9}},"11":{"start":{"line":24,"column":25},"end":{"line":24,"column":43}},"12":{"start":{"line":25,"column":27},"end":{"line":25,"column":49}},"13":{"start":{"line":26,"column":10},"end":{"line":26,"column":48}},"14":{"start":{"line":27,"column":10},"end":{"line":27,"column":24}},"15":{"start":{"line":29,"column":27},"end":{"line":29,"column":49}},"16":{"start":{"line":30,"column":10},"end":{"line":30,"column":48}},"17":{"start":{"line":32,"column":10},"end":{"line":32,"column":32}},"18":{"start":{"line":33,"column":10},"end":{"line":33,"column":22}},"19":{"start":{"line":38,"column":6},"end":{"line":38,"column":35}},"20":{"start":{"line":39,"column":6},"end":{"line":39,"column":42}},"21":{"start":{"line":40,"column":6},"end":{"line":40,"column":32}},"22":{"start":{"line":42,"column":6},"end":{"line":42,"column":65}},"23":{"start":{"line":43,"column":6},"end":{"line":43,"column":18}},"24":{"start":{"line":45,"column":6},"end":{"line":45,"column":77}},"25":{"start":{"line":46,"column":6},"end":{"line":46,"column":19}},"26":{"start":{"line":51,"column":4},"end":{"line":51,"column":45}},"27":{"start":{"line":55,"column":4},"end":{"line":57,"column":5}},"28":{"start":{"line":56,"column":6},"end":{"line":56,"column":76}},"29":{"start":{"line":58,"column":4},"end":{"line":58,"column":23}},"30":{"start":{"line":62,"column":4},"end":{"line":67,"column":5}},"31":{"start":{"line":63,"column":6},"end":{"line":63,"column":38}},"32":{"start":{"line":64,"column":6},"end":{"line":64,"column":43}},"33":{"start":{"line":65,"column":6},"end":{"line":65,"column":25}},"34":{"start":{"line":66,"column":6},"end":{"line":66,"column":33}},"35":{"start":{"line":72,"column":19},"end":{"line":72,"column":35}},"36":{"start":{"line":74,"column":4},"end":{"line":87,"column":7}},"37":{"start":{"line":91,"column":19},"end":{"line":91,"column":35}},"38":{"start":{"line":93,"column":4},"end":{"line":95,"column":7}},"39":{"start":{"line":99,"column":19},"end":{"line":99,"column":35}},"40":{"start":{"line":101,"column":4},"end":{"line":103,"column":7}},"41":{"start":{"line":108,"column":19},"end":{"line":108,"column":35}},"42":{"start":{"line":110,"column":4},"end":{"line":116,"column":7}},"43":{"start":{"line":120,"column":19},"end":{"line":120,"column":35}},"44":{"start":{"line":122,"column":4},"end":{"line":125,"column":7}},"45":{"start":{"line":129,"column":19},"end":{"line":129,"column":35}},"46":{"start":{"line":131,"column":4},"end":{"line":133,"column":7}},"47":{"start":{"line":137,"column":19},"end":{"line":137,"column":35}},"48":{"start":{"line":138,"column":16},"end":{"line":138,"column":26}},"49":{"start":{"line":140,"column":4},"end":{"line":146,"column":7}},"50":{"start":{"line":150,"column":19},"end":{"line":150,"column":35}},"51":{"start":{"line":152,"column":4},"end":{"line":154,"column":7}},"52":{"start":{"line":159,"column":19},"end":{"line":159,"column":35}},"53":{"start":{"line":161,"column":4},"end":{"line":170,"column":7}},"54":{"start":{"line":174,"column":19},"end":{"line":174,"column":35}},"55":{"start":{"line":176,"column":4},"end":{"line":178,"column":7}},"56":{"start":{"line":182,"column":19},"end":{"line":182,"column":35}},"57":{"start":{"line":184,"column":4},"end":{"line":186,"column":7}},"58":{"start":{"line":190,"column":19},"end":{"line":190,"column":35}},"59":{"start":{"line":191,"column":47},"end":{"line":191,"column":54}},"60":{"start":{"line":193,"column":18},"end":{"line":193,"column":20}},"61":{"start":{"line":194,"column":4},"end":{"line":199,"column":5}},"62":{"start":{"line":195,"column":6},"end":{"line":198,"column":8}},"63":{"start":{"line":201,"column":4},"end":{"line":206,"column":7}},"64":{"start":{"line":210,"column":19},"end":{"line":210,"column":35}},"65":{"start":{"line":212,"column":18},"end":{"line":212,"column":20}},"66":{"start":{"line":213,"column":4},"end":{"line":218,"column":5}},"67":{"start":{"line":214,"column":6},"end":{"line":217,"column":8}},"68":{"start":{"line":220,"column":4},"end":{"line":220,"column":47}},"69":{"start":{"line":224,"column":19},"end":{"line":224,"column":35}},"70":{"start":{"line":225,"column":47},"end":{"line":225,"column":56}},"71":{"start":{"line":227,"column":4},"end":{"line":233,"column":7}},"72":{"start":{"line":237,"column":19},"end":{"line":237,"column":35}},"73":{"start":{"line":239,"column":4},"end":{"line":245,"column":7}},"74":{"start":{"line":249,"column":19},"end":{"line":249,"column":35}},"75":{"start":{"line":251,"column":4},"end":{"line":253,"column":7}},"76":{"start":{"line":257,"column":19},"end":{"line":257,"column":35}},"77":{"start":{"line":259,"column":4},"end":{"line":262,"column":7}},"78":{"start":{"line":267,"column":19},"end":{"line":267,"column":35}},"79":{"start":{"line":269,"column":4},"end":{"line":282,"column":7}},"80":{"start":{"line":286,"column":19},"end":{"line":286,"column":35}},"81":{"start":{"line":288,"column":4},"end":{"line":295,"column":7}},"82":{"start":{"line":299,"column":19},"end":{"line":299,"column":35}},"83":{"start":{"line":301,"column":4},"end":{"line":306,"column":7}},"84":{"start":{"line":310,"column":19},"end":{"line":310,"column":35}},"85":{"start":{"line":311,"column":47},"end":{"line":311,"column":54}},"86":{"start":{"line":313,"column":18},"end":{"line":313,"column":29}},"87":{"start":{"line":314,"column":4},"end":{"line":321,"column":5}},"88":{"start":{"line":315,"column":6},"end":{"line":320,"column":8}},"89":{"start":{"line":323,"column":4},"end":{"line":340,"column":7}},"90":{"start":{"line":344,"column":19},"end":{"line":344,"column":35}},"91":{"start":{"line":346,"column":18},"end":{"line":346,"column":29}},"92":{"start":{"line":347,"column":4},"end":{"line":354,"column":5}},"93":{"start":{"line":348,"column":6},"end":{"line":353,"column":8}},"94":{"start":{"line":356,"column":4},"end":{"line":356,"column":51}},"95":{"start":{"line":360,"column":19},"end":{"line":360,"column":35}},"96":{"start":{"line":362,"column":4},"end":{"line":370,"column":7}},"97":{"start":{"line":375,"column":19},"end":{"line":375,"column":35}},"98":{"start":{"line":377,"column":4},"end":{"line":389,"column":7}},"99":{"start":{"line":393,"column":19},"end":{"line":393,"column":35}},"100":{"start":{"line":395,"column":18},"end":{"line":397,"column":5}},"101":{"start":{"line":399,"column":4},"end":{"line":401,"column":5}},"102":{"start":{"line":400,"column":6},"end":{"line":400,"column":30}},"103":{"start":{"line":403,"column":4},"end":{"line":412,"column":7}},"104":{"start":{"line":417,"column":19},"end":{"line":417,"column":35}},"105":{"start":{"line":419,"column":4},"end":{"line":424,"column":7}},"106":{"start":{"line":428,"column":19},"end":{"line":428,"column":35}},"107":{"start":{"line":430,"column":4},"end":{"line":441,"column":7}},"108":{"start":{"line":446,"column":19},"end":{"line":446,"column":35}},"109":{"start":{"line":448,"column":4},"end":{"line":456,"column":7}},"110":{"start":{"line":460,"column":19},"end":{"line":460,"column":35}},"111":{"start":{"line":462,"column":18},"end":{"line":462,"column":20}},"112":{"start":{"line":463,"column":4},"end":{"line":463,"column":38}},"113":{"start":{"line":463,"column":16},"end":{"line":463,"column":38}},"114":{"start":{"line":464,"column":4},"end":{"line":464,"column":41}},"115":{"start":{"line":464,"column":17},"end":{"line":464,"column":41}},"116":{"start":{"line":465,"column":4},"end":{"line":465,"column":32}},"117":{"start":{"line":465,"column":14},"end":{"line":465,"column":32}},"118":{"start":{"line":467,"column":4},"end":{"line":473,"column":7}},"119":{"start":{"line":477,"column":19},"end":{"line":477,"column":35}},"120":{"start":{"line":479,"column":18},"end":{"line":479,"column":20}},"121":{"start":{"line":480,"column":4},"end":{"line":480,"column":38}},"122":{"start":{"line":480,"column":16},"end":{"line":480,"column":38}},"123":{"start":{"line":481,"column":4},"end":{"line":481,"column":41}},"124":{"start":{"line":481,"column":17},"end":{"line":481,"column":41}},"125":{"start":{"line":482,"column":4},"end":{"line":482,"column":32}},"126":{"start":{"line":482,"column":14},"end":{"line":482,"column":32}},"127":{"start":{"line":483,"column":4},"end":{"line":487,"column":5}},"128":{"start":{"line":484,"column":6},"end":{"line":484,"column":27}},"129":{"start":{"line":485,"column":6},"end":{"line":485,"column":63}},"130":{"start":{"line":485,"column":21},"end":{"line":485,"column":63}},"131":{"start":{"line":486,"column":6},"end":{"line":486,"column":59}},"132":{"start":{"line":486,"column":19},"end":{"line":486,"column":59}},"133":{"start":{"line":489,"column":4},"end":{"line":496,"column":7}},"134":{"start":{"line":501,"column":4},"end":{"line":501,"column":74}},"135":{"start":{"line":506,"column":25},"end":{"line":506,"column":63}},"136":{"start":{"line":507,"column":4},"end":{"line":515,"column":5}},"137":{"start":{"line":508,"column":6},"end":{"line":513,"column":7}},"138":{"start":{"line":509,"column":8},"end":{"line":512,"column":11}},"139":{"start":{"line":514,"column":6},"end":{"line":514,"column":26}},"140":{"start":{"line":517,"column":4},"end":{"line":522,"column":7}},"141":{"start":{"line":526,"column":0},"end":{"line":526,"column":32}}},"fnMap":{"0":{"name":"(anonymous_0)","decl":{"start":{"line":5,"column":2},"end":{"line":5,"column":3}},"loc":{"start":{"line":5,"column":16},"end":{"line":8,"column":3}},"line":5},"1":{"name":"(anonymous_1)","decl":{"start":{"line":10,"column":2},"end":{"line":10,"column":3}},"loc":{"start":{"line":10,"column":21},"end":{"line":48,"column":3}},"line":10},"2":{"name":"(anonymous_2)","decl":{"start":{"line":21,"column":23},"end":{"line":21,"column":24}},"loc":{"start":{"line":21,"column":47},"end":{"line":35,"column":7}},"line":21},"3":{"name":"(anonymous_3)","decl":{"start":{"line":50,"column":2},"end":{"line":50,"column":3}},"loc":{"start":{"line":50,"column":17},"end":{"line":52,"column":3}},"line":50},"4":{"name":"(anonymous_4)","decl":{"start":{"line":54,"column":2},"end":{"line":54,"column":3}},"loc":{"start":{"line":54,"column":14},"end":{"line":59,"column":3}},"line":54},"5":{"name":"(anonymous_5)","decl":{"start":{"line":61,"column":2},"end":{"line":61,"column":3}},"loc":{"start":{"line":61,"column":16},"end":{"line":68,"column":3}},"line":61},"6":{"name":"(anonymous_6)","decl":{"start":{"line":71,"column":2},"end":{"line":71,"column":3}},"loc":{"start":{"line":71,"column":38},"end":{"line":88,"column":3}},"line":71},"7":{"name":"(anonymous_7)","decl":{"start":{"line":90,"column":2},"end":{"line":90,"column":3}},"loc":{"start":{"line":90,"column":39},"end":{"line":96,"column":3}},"line":90},"8":{"name":"(anonymous_8)","decl":{"start":{"line":98,"column":2},"end":{"line":98,"column":3}},"loc":{"start":{"line":98,"column":25},"end":{"line":104,"column":3}},"line":98},"9":{"name":"(anonymous_9)","decl":{"start":{"line":107,"column":2},"end":{"line":107,"column":3}},"loc":{"start":{"line":107,"column":48},"end":{"line":117,"column":3}},"line":107},"10":{"name":"(anonymous_10)","decl":{"start":{"line":119,"column":2},"end":{"line":119,"column":3}},"loc":{"start":{"line":119,"column":34},"end":{"line":126,"column":3}},"line":119},
[...]
6},"end":{"line":59,"column":55}},{"start":{"line":61,"column":6},"end":{"line":70,"column":57}},{"start":{"line":72,"column":6},"end":{"line":75,"column":58}},{"start":{"line":77,"column":6},"end":{"line":77,"column":21}},{"start":{"line":78,"column":6},"end":{"line":80,"column":52}}],"line":45},"12":{"loc":{"start":{"line":57,"column":19},"end":{"line":57,"column":86}},"type":"cond-expr","locations":[{"start":{"line":57,"column":40},"end":{"line":57,"column":46}},{"start":{"line":57,"column":49},"end":{"line":57,"column":86}}],"line":57},"13":{"loc":{"start":{"line":57,"column":49},"end":{"line":57,"column":86}},"type":"cond-expr","locations":[{"start":{"line":57,"column":71},"end":{"line":57,"column":78}},{"start":{"line":57,"column":81},"end":{"line":57,"column":86}}],"line":57},"14":{"loc":{"start":{"line":62,"column":8},"end":{"line":67,"column":9}},"type":"if","locations":[{"start":{"line":62,"column":8},"end":{"line":67,"column":9}},{"start":{},"end":{}}],"line":62},"15":{"loc":{"start":{"line":68,"column":21},"end":{"line":68,"column":67}},"type":"cond-expr","locations":[{"start":{"line":68,"column":38},"end":{"line":68,"column":62}},{"start":{"line":68,"column":65},"end":{"line":68,"column":67}}],"line":68},"16":{"loc":{"start":{"line":73,"column":27},"end":{"line":73,"column":72}},"type":"cond-expr","locations":[{"start":{"line":73,"column":44},"end":{"line":73,"column":68}},{"start":{"line":73,"column":71},"end":{"line":73,"column":72}}],"line":73},"17":{"loc":{"start":{"line":95,"column":4},"end":{"line":108,"column":5}},"type":"if","locations":[{"start":{"line":95,"column":4},"end":{"line":108,"column":5}},{"start":{},"end":{}}],"line":95},"18":{"loc":{"start":{"line":95,"column":8},"end":{"line":95,"column":44}},"type":"binary-expr","locations":[{"start":{"line":95,"column":8},"end":{"line":95,"column":22}},{"start":{"line":95,"column":26},"end":{"line":95,"column":44}}],"line":95},"19":{"loc":{"start":{"line":103,"column":19},"end":{"line":103,"column":39}},"type":"binary-expr","locations":[{"start":{"line":103,"column":19},"end":{"line":103,"column":33}},{"start":{"line":103,"column":37},"end":{"line":103,"column":39}}],"line":103},"20":{"loc":{"start":{"line":104,"column":18},"end":{"line":104,"column":37}},"type":"binary-expr","locations":[{"start":{"line":104,"column":18},"end":{"line":104,"column":31}},{"start":{"line":104,"column":35},"end":{"line":104,"column":37}}],"line":104},"21":{"loc":{"start":{"line":111,"column":4},"end":{"line":117,"column":5}},"type":"if","locations":[{"start":{"line":111,"column":4},"end":{"line":117,"column":5}},{"start":{},"end":{}}],"line":111},"22":{"loc":{"start":{"line":111,"column":8},"end":{"line":111,"column":49}},"type":"binary-expr","locations":[{"start":{"line":111,"column":8},"end":{"line":111,"column":19}},{"start":{"line":111,"column":23},"end":{"line":111,"column":49}}],"line":111},"23":{"loc":{"start":{"line":120,"column":4},"end":{"line":203,"column":5}},"type":"if","locations":[{"start":{"line":120,"column":4},"end":{"line":203,"column":5}},{"start":{},"end":{}}],"line":120},"24":{"loc":{"start":{"line":121,"column":6},"end":{"line":202,"column":7}},"type":"switch","locations":[{"start":{"line":122,"column":8},"end":{"line":132,"column":79}},{"start":{"line":134,"column":8},"end":{"line":143,"column":78}},{"start":{"line":145,"column":8},"end":{"line":156,"column":82}},{"start":{"line":158,"column":8},"end":{"line":166,"column":82}},{"start":{"line":168,"column":8},"end":{"line":176,"column":81}},{"start":{"line":178,"column":8},"end":{"line":187,"column":75}},{"start":{"line":189,"column":8},"end":{"line":197,"column":76}},{"start":{"line":199,"column":8},"end":{"line":201,"column":82}}],"line":121},"25":{"loc":{"start":{"line":139,"column":12},"end":{"line":139,"column":35}},"type":"binary-expr","locations":[{"start":{"line":139,"column":12},"end":{"line":139,"column":30}},{"start":{"line":139,"column":34},"end":{"line":139,"column":35}}],"line":139},"26":{"loc":{"start":{"line":150,"column":12},"end":{"line":150,"column":29}},"type":"binary-expr","locations":[{"start":{"line":150,"column":12},"end":{"line":150,"column":23}},{"start":{"line":150,"column":27},"end":{"line":150,"column":29}}],"line":150},"27":{"loc":{"start":{"line":151,"column":12},"end":{"line":151,"column":36}},"type":"binary-expr","locations":[{"start":{"line":151,"column":12},"end":{"line":151,"column":22}},{"start":{"line":151,"column":26},"end":{"line":151,"column":36}}],"line":151},"28":{"loc":{"start":{"line":181,"column":12},"end":{"line":181,"column":32}},"type":"binary-expr","locations":[{"start":{"line":181,"column":12},"end":{"line":181,"column":23}},{"start":{"line":181,"column":27},"end":{"line":181,"column":32}}],"line":181},"29":{"loc":{"start":{"line":194,"column":12},"end":{"line":194,"column":28}},"type":"binary-expr","locations":[{"start":{"line":194,"column":12},"end":{"line":194,"column":22}},{"start":{"line":194,"column":26},"end":{"line":194,"column":28}}],"line":194},"30":{"loc":{"start":{"line":222,"column":4},"end":{"line":225,"column":5}},"type":"if","locations":[{"start":{"line":222,"column":4},"end":{"line":225,"column":5}},{"start":{},"end":{}}],"line":222}},"s":{"0":0,"1":0,"2":0,"3":0,"4":0,"5":0,"6":0,"7":0,"8":0,"9":0,"10":0,"11":0,"12":0,"13":0,"14":0,"15":0,"16":0,"17":0,"18":0,"19":0,"20":0,"21":0,"22":0,"23":0,"24":0,"25":0,"26":0,"27":0,"28":0,"29":0,"30":0,"31":0,"32":0,"33":0,"34":0,"35":0,"36":0,"37":0,"38":0,"39":0,"40":0,"41":0,"42":0,"43":0,"44":0,"45":0,"46":0,"47":0,"48":0,"49":0,"50":0,"51":0,"52":0,"53":0,"54":0,"55":0,"56":0,"57":0,"58":0,"59":0,"60":0,"61":0,"62":0,"63":0,"64":0,"65":0,"66":0,"67":0,"68":0,"69":0,"70":0,"71":0,"72":0,"73":0,"74":0,"75":0,"76":0,"77":0,"78":0,"79":0,"80":0,"81":0,"82":0,"83":0,"84":0,"85":0,"86":0,"87":0,"88":0,"89":0,"90":0,"91":0,"92":0,"93":0,"94":0,"95":0,"96":0,"97":0,"98":0},"f":{"0":0,"1":0,"2":0,"3":0,"4":0,"5":0,"6":0,"7":0},"b":{"0":[0,0],"1":[0,0],"2":[0,0],"3":[0,0],"4":[0,0],"5":[0,0],"6":[0,0],"7":[0,0],"8":[0,0],"9":[0,0],"10":[0,0],"11":[0,0,0,0,0,0],"12":[0,0],"13":[0,0],"14":[0,0],"15":[0,0],"16":[0,0],"17":[0,0],"18":[0,0],"19":[0,0],"20":[0,0],"21":[0,0],"22":[0,0],"23":[0,0],"24":[0,0,0,0,0,0,0,0],"25":[0,0],"26":[0,0],"27":[0,0],"28":[0,0],"29":[0,0],"30":[0,0]}}
,"/opt/slimy/app/admin-api/src/routes/stats.js": {"path":"/opt/slimy/app/admin-api/src/routes/stats.js","statementMap":{"0":{"start":{"line":3,"column":16},"end":{"line":3,"column":34}},"1":{"start":{"line":4,"column":15},"end":{"line":4,"column":31}},"2":{"start":{"line":5,"column":33},"end":{"line":5,"column":60}},"3":{"start":{"line":7,"column":17},"end":{"line":7,"column":43}},"4":{"start":{"line":8,"column":15},"end":{"line":8,"column":72}},"5":{"start":{"line":10,"column":0},"end":{"line":39,"column":1}},"6":{"start":{"line":12,"column":2},"end":{"line":12,"column":150}},"7":{"start":{"line":12,"column":40},"end":{"line":12,"column":148}},"8":{"start":{"line":13,"column":2},"end":{"line":13,"column":26}},"9":{"start":{"line":15,"column":2},"end":{"line":36,"column":5}},"10":{"start":{"line":16,"column":4},"end":{"line":35,"column":5}},"11":{"start":{"line":18,"column":21},"end":{"line":18,"column":62}},"12":{"start":{"line":19,"column":19},"end":{"line":19,"column":72}},"13":{"start":{"line":20,"column":18},"end":{"line":20,"column":32}},"14":{"start":{"line":22,"column":6},"end":{"line":25,"column":7}},"15":{"start":{"line":23,"column":8},"end":{"line":23,"column":48}},"16":{"start":{"line":23,"column":33},"end":{"line":23,"column":48}},"17":{"start":{"line":24,"column":8},"end":{"line":24,"column":53}},"18":{"start":{"line":24,"column":31},"end":{"line":24,"column":53}},"19":{"start":{"line":27,"column":23},"end":{"line":27,"column":65}},"20":{"start":{"line":28,"column":6},"end":{"line":28,"column":77}},"21":{"start":{"line":28,"column":21},"end":{"line":28,"column":77}},"22":{"start":{"line":30,"column":20},"end":{"line":30,"column":55}},"23":{"start":{"line":31,"column":6},"end":{"line":31,"column":69}},"24":{"start":{"line":33,"column":6},"end":{"line":33,"column":44}},"25":{"start":{"line":34,"column":6},"end":{"line":34,"column":83}},"26":{"start":{"line":38,"column":2},"end":{"line":38,"column":26}}},"fnMap":{"0":{"name":"(anonymous_0)","decl":{"start":{"line":12,"column":25},"end":{"line":12,"column":26}},"loc":{"start":{"line":12,"column":40},"end":{"line":12,"column":148}},"line":12},"1":{"name":"(anonymous_1)","decl":{"start":{"line":15,"column":25},"end":{"line":15,"column":26}},"loc":{"start":{"line":15,"column":45},"end":{"line":36,"column":3}},"line":15}},"branchMap":{"0":{"loc":{"start":{"line":8,"column":15},"end":{"line":8,"column":72}},"type":"binary-expr","locations":[{"start":{"line":8,"column":15},"end":{"line":8,"column":47}},{"start":{"line":8,"column":51},"end":{"line":8,"column":72}}],"line":8},"1":{"loc":{"start":{"line":10,"column":0},"end":{"line":39,"column":1}},"type":"if","locations":[{"start":{"line":10,"column":0},"end":{"line":39,"column":1}},{"start":{"line":14,"column":7},"end":{"line":39,"column":1}}],"line":10},"2":{"loc":{"start":{"line":18,"column":22},"end":{"line":18,"column":43}},"type":"binary-expr","locations":[{"start":{"line":18,"column":22},"end":{"line":18,"column":37}},{"start":{"line":18,"column":41},"end":{"line":18,"column":43}}],"line":18},"3":{"loc":{"start":{"line":19,"column":20},"end":{"line":19,"column":39}},"type":"binary-expr","locations":[{"start":{"line":19,"column":20},"end":{"line":19,"column":33}},{"start":{"line":19,"column":37},"end":{"line":19,"column":39}}],"line":19},"4":{"loc":{"start":{"line":20,"column":18},"end":{"line":20,"column":32}},"type":"binary-expr","locations":[{"start":{"line":20,"column":18},"end":{"line":20,"column":24}},{"start":{"line":20,"column":28},"end":{"line":20,"column":32}}],"line":20},"5":{"loc":{"start":{"line":22,"column":6},"end":{"line":25,"column":7}},"type":"if","locations":[{"start":{"line":22,"column":6},"end":{"line":25,"column":7}},{"start":{},"end":{}}],"line":22},"6":{"loc":{"start":{"line":23,"column":8},"end":{"line":23,"column":48}},"type":"if","locations":[{"start":{"line":23,"column":8},"end":{"line":23,"column":48}},{"start":{},"end":{}}],"line":23},"7":{"loc":{"start":{"line":24,"column":8},"end":{"line":24,"column":53}},"type":"if","locations":[{"start":{"line":24,"column":8},"end":{"line":24,"column":53}},{"start":{},"end":{}}],"line":24},"8":{"loc":{"start":{"line":27,"column":49},"end":{"line":27,"column":64}},"type":"binary-expr","locations":[{"start":{"line":27,"column":49},"end":{"line":27,"column":54}},{"start":{"line":27,"column":58},"end":{"line":27,"column":64}}],"line":27},"9":{"loc":{"start":{"line":28,"column":6},"end":{"line":28,"column":77}},"type":"if","locations":[{"start":{"line":28,"column":6},"end":{"line":28,"column":77}},{"start":{},"end":{}}],"line":28}},"s":{"0":0,"1":0,"2":0,"3":0,"4":0,"5":0,"6":0,"7":0,"8":0,"9":0,"10":0,"11":0,"12":0,"13":0,"14":0,"15":0,"16":0,"17":0,"18":0,"19":0,"20":0,"21":0,"22":0,"23":0,"24":0,"25":0,"26":0},"f":{"0":0,"1":0},"b":{"0":[0,0],"1":[0,0],"2":[0,0],"3":[0,0],"4":[0,0],"5":[0,0],"6":[0,0],"7":[0,0],"8":[0,0],"9":[0,0]}}
,"/opt/slimy/app/admin-api/src/services/chat-bot.js": {"path":"/opt/slimy/app/admin-api/src/services/chat-bot.js","statementMap":{"0":{"start":{"line":4,"column":2},"end":{"line":4,"column":76}},"1":{"start":{"line":6,"column":23},"end":{"line":9,"column":63}},"2":{"start":{"line":7,"column":2},"end":{"line":9,"column":63}},"3":{"start":{"line":12,"column":15},"end":{"line":12,"column":42}},"4":{"start":{"line":13,"column":2},"end":{"line":17,"column":3}},"5":{"start":{"line":14,"column":18},"end":{"line":14,"column":45}},"6":{"start":{"line":15,"column":4},"end":{"line":15,"column":34}},"7":{"start":{"line":16,"column":4},"end":{"line":16,"column":16}},"8":{"start":{"line":19,"column":17},"end":{"line":19,"column":43}},"9":{"start":{"line":20,"column":2},"end":{"line":22,"column":3}},"10":{"start":{"line":21,"column":4},"end":{"line":21,"column":56}},"11":{"start":{"line":24,"column":19},"end":{"line":39,"column":4}},"12":{"start":{"line":41,"column":2},"end":{"line":48,"column":3}},"13":{"start":{"line":42,"column":19},"end":{"line":42,"column":56}},"14":{"start":{"line":42,"column":53},"end":{"line":42,"column":55}},"15":{"start":{"line":43,"column":18},"end":{"line":43,"column":43}},"16":{"start":{"line":44,"column":4},"end":{"line":44,"column":32}},"17":{"start":{"line":45,"column":4},"end":{"line":45,"column":35}},"18":{"start":{"line":46,"column":4},"end":{"line":46,"column":26}},"19":{"start":{"line":47,"column":4},"end":{"line":47,"column":16}},"20":{"start":{"line":50,"column":15},"end":{"line":50,"column":36}},"21":{"start":{"line":52,"column":4},"end":{"line":53,"column":60}},"22":{"start":{"line":55,"column":2},"end":{"line":55,"column":40}},"23":{"start":{"line":58,"column":0},"end":{"line":58,"column":32}}},"fnMap":{"0":{"name":"(anonymous_0)","decl":{"start":{"line":6,"column":23},"end":{"line":6,"column":24}},"loc":{"start":{"line":7,"column":2},"end":{"line":9,"column":63}},"line":7},"1":{"name":"askChatBot","decl":{"start":{"line":11,"column":15},"end":{"line":11,"column":25}},"loc":{"start":{"line":11,"column":47},"end":{"line":56,"column":1}},"line":11},"2":{"name":"(anonymous_2)","decl":{"start":{"line":42,"column":47},"end":{"line":42,"column":48}},"loc":{"start":{"line":42,"column":53},"end":{"line":42,"column":55}},"line":42}},"branchMap":{"0":{"loc":{"start":{"line":7,"column":2},"end":{"line":9,"column":63}},"type":"cond-expr","locations":[{"start":{"line":8,"column":6},"end":{"line":8,"column":96}},{"start":{"line":9,"column":6},"end":{"line":9,"column":63}}],"line":7},"1":{"loc":{"start":{"line":12,"column":22},"end":{"line":12,"column":34}},"type":"binary-expr","locations":[{"start":{"line":12,"column":22},"end":{"line":12,"column":28}},{"start":{"line":12,"column":32},"end":{"line":12,"column":34}}],"line":12},"2":{"loc":{"start":{"line":13,"column":2},"end":{"line":17,"column":3}},"type":"if","locations":[{"start":{"line":13,"column":2},"end":{"line":17,"column":3}},{"start":{},"end":{}}],"line":13},"3":{"loc":{"start":{"line":20,"column":2},"end":{"line":22,"column":3}},"type":"if","locations":[{"start":{"line":20,"column":2},"end":{"line":22,"column":3}},{"start":{},"end":{}}],"line":20},"4":{"loc":{"start":{"line":31,"column":13},"end":{"line":31,"column":54}},"type":"binary-expr","locations":[{"start":{"line":31,"column":13},"end":{"line":31,"column":37}},{"start":{"line":31,"column":41},"end":{"line":31,"column":54}}],"line":31},"5":{"loc":{"start":{"line":41,"column":2},"end":{"line":48,"column":3}},"type":"if","locations":[{"start":{"line":41,"column":2},"end":{"line":48,"column":3}},{"start":{},"end":{}}],"line":41},"6":{"loc":{"start":{"line":52,"column":4},"end":{"line":53,"column":60}},"type":"binary-expr","locations":[{"start":{"line":52,"column":4},"end":{"line":52,"column":48}},{"start":{"line":53,"column":4},"end":{"line":53,"column":60}}],"line":52}},"s":{"0":0,"1":0,"2":0,"3":0,"4":0,"5":0,"6":0,"7":0,"8":0,"9":0,"10":0,"11":0,"12":0,"13":0,"14":0,"15":0,"16":0,"17":0,"18":0,"19":0,"20":0,"21":0,"22":0,"23":0},"f":{"0":0,"1":0,"2":0},"b":{"0":[0,0],"1":[0,0],"2":[0,0],"3":[0,0],"4":[0,0],"5":[0,0],"6":[0,0]}}
,"/opt/slimy/app/admin-api/src/services/uploads.js": {"path":"/opt/slimy/app/admin-api/src/services/uploads.js","statementMap":{"0":{"start":{"line":3,"column":13},"end":{"line":3,"column":28}},"1":{"start":{"line":4,"column":11},"end":{"line":4,"column":33}},"2":{"start":{"line":6,"column":20},"end":{"line":6,"column":55}},"3":{"start":{"line":9,"column":2},"end":{"line":40,"column":3}},"4":{"start":{"line":10,"column":21},"end":{"line":10,"column":52}},"5":{"start":{"line":11,"column":16},"end":{"line":11,"column":17}},"6":{"start":{"line":12,"column":16},"end":{"line":12,"column":17}},"7":{"start":{"line":13,"column":23},"end":{"line":13,"column":33}},"8":{"start":{"line":14,"column":4},"end":{"line":14,"column":36}},"9":{"start":{"line":16,"column":17},"end":{"line":30,"column":5}},"10":{"start":{"line":17,"column":22},"end":{"line":17,"column":84}},"11":{"start":{"line":17,"column":81},"end":{"line":17,"column":83}},"12":{"start":{"line":18,"column":6},"end":{"line":29,"column":7}},"13":{"start":{"line":19,"column":25},"end":{"line":19,"column":51}},"14":{"start":{"line":20,"column":8},"end":{"line":28,"column":9}},"15":{"start":{"line":21,"column":10},"end":{"line":21,"column":31}},"16":{"start":{"line":22,"column":15},"end":{"line":28,"column":9}},"17":{"start":{"line":23,"column":10},"end":{"line":23,"column":18}},"18":{"start":{"line":24,"column":24},"end":{"line":24,"column":65}},"19":{"start":{"line":24,"column":60},"end":{"line":24,"column":64}},"20":{"start":{"line":25,"column":10},"end":{"line":27,"column":11}},"21":{"start":{"line":26,"column":12},"end":{"line":26,"column":20}},"22":{"start":{"line":32,"column":4},"end":{"line":34,"column":5}},"23":{"start":{"line":32,"column":45},"end":{"line":32,"column":49}},"24":{"start":{"line":32,"column":63},"end":{"line":32,"column":68}},"25":{"start":{"line":33,"column":6},"end":{"line":33,"column":27}},"26":{"start":{"line":36,"column":4},"end":{"line":36,"column":28}},"27":{"start":{"line":38,"column":4},"end":{"line":38,"column":64}},"28":{"start":{"line":39,"column":4},"end":{"line":39,"column":34}},"29":{"start":{"line":43,"column":0},"end":{"line":46,"column":2}}},"fnMap":{"0":{"name":"summarizeUploads","decl":{"start":{"line":8,"column":15},"end":{"line":8,"column":31}},"loc":{"start":{"line":8,"column":34},"end":{"line":41,"column":1}},"line":8},"1":{"name":"(anonymous_1)","decl":{"start":{"line":16,"column":17},"end":{"line":16,"column":18}},"loc":{"start":{"line":16,"column":32},"end":{"line":30,"column":5}},"line":16},"2":{"name":"(anonymous_2)","decl":{"start":{"line":17,"column":75},"end":{"line":17,"column":76}},"loc":{"start":{"line":17,"column":81},"end":{"line":17,"column":83}},"line":17},"3":{"name":"(anonymous_3)","decl":{"start":{"line":24,"column":54},"end":{"line":24,"column":55}},"loc":{"start":{"line":24,"column":60},"end":{"line":24,"column":64}},"line":24},"4":{"name":"(anonymous_4)","decl":{"start":{"line":32,"column":39},"end":{"line":32,"column":40}},"loc":{"start":{"line":32,"column":45},"end":{"line":32,"column":49}},"line":32},"5":{"name":"(anonymous_5)","decl":{"start":{"line":32,"column":57},"end":{"line":32,"column":58}},"loc":{"start":{"line":32,"column":63},"end":{"line":32,"column":68}},"line":32}},"branchMap":{"0":{"loc":{"start":{"line":20,"column":8},"end":{"line":28,"column":9}},"type":"if","locations":[{"start":{"line":20,"column":8},"end":{"line":28,"column":9}},{"start":{"line":22,"column":15},"end":{"line":28,"column":9}}],"line":20},"1":{"loc":{"start":{"line":22,"column":15},"end":{"line":28,"column":9}},"type":"if","locations":[{"start":{"line":22,"column":15},"end":{"line":28,"column":9}},{"start":{},"end":{}}],"line":22},"2":{"loc":{"start":{"line":25,"column":10},"end":{"line":27,"column":11}},"type":"if","locations":[{"start":{"line":25,"column":10},"end":{"line":27,"column":11}},{"start":{},"end":{}}],"line":25},"3":{"loc":{"start":{"line":25,"column":14},"end":{"line":25,"column":48}},"type":"binary-expr","locations":[{"start":{"line":25,"column":14},"end":{"line":25,"column":19}},{"start":{"line":25,"column":23},"end":{"line":25,"column":48}}],"line":25},"4":{"loc":{"start":{"line":32,"column":4},"end":{"line":34,"column":5}},"type":"if","locations":[{"start":{"line":32,"column":4},"end":{"line":34,"column":5}},{"start":{},"end":{}}],"line":32}},"s":{"0":0,"1":0,"2":0,"3":0,"4":0,"5":0,"6":0,"7":0,"8":0,"9":0,"10":0,"11":0,"12":0,"13":0,"14":0,"15":0,"16":0,"17":0,"18":0,"19":0,"20":0,"21":0,"22":0,"23":0,"24":0,"25":0,"26":0,"27":0,"28":0,"29":0},"f":{"0":0,"1":0,"2":0,"3":0,"4":0,"5":0},"b":{"0":[0,0],"1":[0,0],"2":[0,0],"3":[0,0],"4":[0,0]}}
}
