TN:
SF:lib/guild-personality.js
FN:62,readDefaultFile
FN:74,ensureTableColumns
FN:84,defaultsFor
FN:99,getGuildPersona
FN:140,upsertGuildPersona
FN:152,(anonymous_5)
FN:155,(anonymous_6)
FN:200,resetToPreset
FN:201,(anonymous_8)
FNF:9
FNH:0
FNDA:0,readDefaultFile
FNDA:0,ensureTableColumns
FNDA:0,defaultsFor
FNDA:0,getGuildPersona
FNDA:0,upsertGuildPersona
FNDA:0,(anonymous_5)
FNDA:0,(anonymous_6)
FNDA:0,resetToPreset
FNDA:0,(anonymous_8)
DA:2,0
DA:3,0
DA:4,0
DA:6,0
DA:9,0
DA:11,0
DA:63,0
DA:64,0
DA:65,0
DA:66,0
DA:69,0
DA:71,0
DA:75,0
DA:76,0
DA:77,0
DA:78,0
DA:80,0
DA:85,0
DA:86,0
DA:100,0
DA:101,0
DA:104,0
DA:106,0
DA:111,0
DA:113,0
DA:116,0
DA:117,0
DA:119,0
DA:120,0
DA:121,0
DA:122,0
DA:125,0
DA:129,0
DA:130,0
DA:133,0
DA:134,0
DA:137,0
DA:141,0
DA:142,0
DA:145,0
DA:147,0
DA:148,0
DA:151,0
DA:152,0
DA:153,0
DA:155,0
DA:156,0
DA:157,0
DA:163,0
DA:183,0
DA:197,0
DA:201,0
DA:202,0
DA:214,0
LF:54
LH:0
BRDA:6,0,0,0
BRDA:6,0,1,0
BRDA:64,1,0,0
BRDA:64,1,1,0
BRDA:75,2,0,0
BRDA:75,2,1,0
BRDA:100,3,0,0
BRDA:100,3,1,0
BRDA:111,4,0,0
BRDA:111,4,1,0
BRDA:116,5,0,0
BRDA:116,5,1,0
BRDA:119,6,0,0
BRDA:119,6,1,0
BRDA:122,7,0,0
BRDA:122,7,1,0
BRDA:129,8,0,0
BRDA:129,8,1,0
BRDA:130,9,0,0
BRDA:130,9,1,0
BRDA:133,10,0,0
BRDA:133,10,1,0
BRDA:141,11,0,0
BRDA:141,11,1,0
BRDA:148,12,0,0
BRDA:148,12,1,0
BRDA:151,13,0,0
BRDA:151,13,1,0
BRDA:151,14,0,0
BRDA:151,14,1,0
BRDA:153,15,0,0
BRDA:153,15,1,0
BRDA:156,16,0,0
BRDA:156,16,1,0
BRDA:156,17,0,0
BRDA:156,17,1,0
BRDA:156,17,2,0
BRDA:156,17,3,0
BRDA:186,18,0,0
BRDA:186,18,1,0
BRDA:187,19,0,0
BRDA:187,19,1,0
BRDA:188,20,0,0
BRDA:188,20,1,0
BRDA:189,21,0,0
BRDA:189,21,1,0
BRDA:190,22,0,0
BRDA:190,22,1,0
BRDA:191,23,0,0
BRDA:191,23,1,0
BRDA:192,24,0,0
BRDA:192,24,1,0
BRDA:193,25,0,0
BRDA:193,25,1,0
BRDA:201,26,0,0
BRDA:201,26,1,0
BRF:56
BRH:0
end_of_record
TN:
SF:lib/jwt.js
FN:8,key
FN:12,signSession
FN:16,verifySession
FN:20,setAuthCookie
FN:35,clearAuthCookie
FNF:5
FNH:0
FNDA:0,key
FNDA:0,signSession
FNDA:0,verifySession
FNDA:0,setAuthCookie
FNDA:0,clearAuthCookie
DA:2,0
DA:4,0
DA:5,0
DA:6,0
DA:9,0
DA:13,0
DA:17,0
DA:21,0
DA:29,0
DA:30,0
DA:31,0
DA:32,0
DA:36,0
DA:45,0
LF:14
LH:0
BRDA:6,0,0,0
BRDA:6,0,1,0
BRDA:9,1,0,0
BRDA:9,1,1,0
BRDA:30,2,0,0
BRDA:30,2,1,0
BRF:6
BRH:0
end_of_record
TN:
SF:lib/session-store.js
FN:9,(anonymous_0)
FN:18,storeSession
FN:41,getSession
FN:57,clearSession
FN:67,activeSessionCount
FN:78,getAllSessions
FNF:6
FNH:0
FNDA:0,(anonymous_0)
FNDA:0,storeSession
FNDA:0,getSession
FNDA:0,clearSession
FNDA:0,activeSessionCount
FNDA:0,getAllSessions
DA:3,0
DA:6,0
DA:9,0
DA:10,0
DA:11,0
DA:12,0
DA:14,0
DA:19,0
DA:21,0
DA:24,0
DA:26,0
DA:27,0
DA:28,0
DA:32,0
DA:34,0
DA:36,0
DA:37,0
DA:42,0
DA:50,0
DA:52,0
DA:53,0
DA:58,0
DA:59,0
DA:60,0
DA:62,0
DA:63,0
DA:68,0
DA:71,0
DA:73,0
DA:74,0
DA:79,0
DA:81,0
DA:83,0
DA:84,0
DA:88,0
LF:35
LH:0
BRDA:24,0,0,0
BRDA:24,0,1,0
BRDA:26,1,0,0
BRDA:26,1,1,0
BRF:4
BRH:0
end_of_record
TN:
SF:lib/sheets.js
FN:7,getAuth
FN:33,getSheetsClient
FN:38,listTabs
FN:41,(anonymous_3)
FN:44,parseBaselineTitle
FN:51,chooseTab
FN:57,(anonymous_6)
FN:58,(anonymous_7)
FN:59,(anonymous_8)
FN:67,readStats
FNF:10
FNH:0
FNDA:0,getAuth
FNDA:0,getSheetsClient
FNDA:0,listTabs
FNDA:0,(anonymous_3)
FNDA:0,parseBaselineTitle
FNDA:0,chooseTab
FNDA:0,(anonymous_6)
FNDA:0,(anonymous_7)
FNDA:0,(anonymous_8)
FNDA:0,readStats
DA:3,0
DA:4,0
DA:5,0
DA:8,0
DA:9,0
DA:10,0
DA:14,0
DA:17,0
DA:18,0
DA:19,0
DA:20,0
DA:24,0
DA:27,0
DA:30,0
DA:34,0
DA:35,0
DA:39,0
DA:40,0
DA:41,0
DA:45,0
DA:46,0
DA:47,0
DA:48,0
DA:52,0
DA:53,0
DA:56,0
DA:57,0
DA:58,0
DA:59,0
DA:60,0
DA:63,0
DA:64,0
DA:68,0
DA:70,0
DA:71,0
DA:77,0
DA:78,0
DA:79,0
DA:81,0
DA:82,0
DA:83,0
DA:84,0
DA:85,0
DA:86,0
DA:87,0
DA:88,0
DA:89,0
DA:92,0
DA:101,0
LF:49
LH:0
BRDA:8,0,0,0
BRDA:8,0,1,0
BRDA:18,1,0,0
BRDA:18,1,1,0
BRDA:18,2,0,0
BRDA:18,2,1,0
BRDA:41,3,0,0
BRDA:41,3,1,0
BRDA:45,4,0,0
BRDA:45,4,1,0
BRDA:46,5,0,0
BRDA:46,5,1,0
BRDA:53,6,0,0
BRDA:53,6,1,0
BRDA:53,7,0,0
BRDA:53,7,1,0
BRDA:60,8,0,0
BRDA:60,8,1,0
BRDA:63,9,0,0
BRDA:63,9,1,0
BRDA:64,10,0,0
BRDA:64,10,1,0
BRDA:77,11,0,0
BRDA:77,11,1,0
BRDA:82,12,0,0
BRDA:82,12,1,0
BRDA:83,13,0,0
BRDA:83,13,1,0
BRDA:84,14,0,0
BRDA:84,14,1,0
BRDA:85,15,0,0
BRDA:85,15,1,0
BRDA:86,16,0,0
BRDA:86,16,1,0
BRDA:86,17,0,0
BRDA:86,17,1,0
BRDA:88,18,0,0
BRDA:88,18,1,0
BRDA:89,19,0,0
BRDA:89,19,1,0
BRF:40
BRH:0
end_of_record
TN:
SF:src/app.js
FN:48,(anonymous_0)
FN:48,(anonymous_1)
FN:76,(anonymous_2)
FN:82,(anonymous_3)
FN:87,resolveUser
FN:141,requireAuth
FN:165,requireRole
FN:167,(anonymous_7)
FN:199,ensureValidAccessToken
FN:204,requireGuildMember
FN:205,(anonymous_10)
FN:234,(anonymous_11)
FN:254,(anonymous_12)
FN:301,(anonymous_13)
FN:305,(anonymous_14)
FN:309,(anonymous_15)
FN:313,(anonymous_16)
FNF:17
FNH:0
FNDA:0,(anonymous_0)
FNDA:0,(anonymous_1)
FNDA:0,(anonymous_2)
FNDA:0,(anonymous_3)
FNDA:0,resolveUser
FNDA:0,requireAuth
FNDA:0,requireRole
FNDA:0,(anonymous_7)
FNDA:0,ensureValidAccessToken
FNDA:0,requireGuildMember
FNDA:0,(anonymous_10)
FNDA:0,(anonymous_11)
FNDA:0,(anonymous_12)
FNDA:0,(anonymous_13)
FNDA:0,(anonymous_14)
FNDA:0,(anonymous_15)
FNDA:0,(anonymous_16)
DA:3,0
DA:4,0
DA:5,0
DA:6,0
DA:8,0
DA:9,0
DA:16,0
DA:23,0
DA:24,0
DA:25,0
DA:26,0
DA:41,0
DA:44,0
DA:48,0
DA:50,0
DA:53,0
DA:56,0
DA:64,0
DA:67,0
DA:70,0
DA:71,0
DA:72,0
DA:73,0
DA:76,0
DA:77,0
DA:78,0
DA:82,0
DA:83,0
DA:84,0
DA:88,0
DA:89,0
DA:92,0
DA:93,0
DA:94,0
DA:95,0
DA:98,0
DA:99,0
DA:100,0
DA:101,0
DA:102,0
DA:103,0
DA:106,0
DA:107,0
DA:109,0
DA:117,0
DA:118,0
DA:119,0
DA:120,0
DA:123,0
DA:131,0
DA:132,0
DA:133,0
DA:135,0
DA:136,0
DA:137,0
DA:142,0
DA:143,0
DA:144,0
DA:145,0
DA:149,0
DA:150,0
DA:152,0
DA:153,0
DA:154,0
DA:157,0
DA:158,0
DA:159,0
DA:161,0
DA:166,0
DA:167,0
DA:168,0
DA:169,0
DA:170,0
DA:171,0
DA:175,0
DA:176,0
DA:178,0
DA:179,0
DA:180,0
DA:183,0
DA:184,0
DA:185,0
DA:186,0
DA:189,0
DA:190,0
DA:191,0
DA:193,0
DA:201,0
DA:205,0
DA:206,0
DA:207,0
DA:208,0
DA:215,0
DA:216,0
DA:217,0
DA:225,0
DA:226,0
DA:227,0
DA:228,0
DA:232,0
DA:233,0
DA:234,0
DA:236,0
DA:237,0
DA:244,0
DA:245,0
DA:246,0
DA:251,0
DA:254,0
DA:255,0
DA:265,0
DA:266,0
DA:267,0
DA:268,0
DA:270,0
DA:273,0
DA:274,0
DA:275,0
DA:276,0
DA:278,0
DA:281,0
DA:282,0
DA:283,0
DA:284,0
DA:286,0
DA:290,0
DA:291,0
DA:294,0
DA:295,0
DA:296,0
DA:299,0
DA:301,0
DA:302,0
DA:305,0
DA:306,0
DA:309,0
DA:310,0
DA:313,0
DA:314,0
DA:318,0
DA:319,0
DA:320,0
DA:323,0
DA:326,0
DA:328,0
LF:145
LH:0
BRDA:88,0,0,0
BRDA:88,0,1,0
BRDA:93,1,0,0
BRDA:93,1,1,0
BRDA:101,2,0,0
BRDA:101,2,1,0
BRDA:107,3,0,0
BRDA:107,3,1,0
BRDA:111,4,0,0
BRDA:111,4,1,0
BRDA:111,4,2,0
BRDA:112,5,0,0
BRDA:112,5,1,0
BRDA:112,5,2,0
BRDA:113,6,0,0
BRDA:113,6,1,0
BRDA:114,7,0,0
BRDA:114,7,1,0
BRDA:114,7,2,0
BRDA:115,8,0,0
BRDA:115,8,1,0
BRDA:125,9,0,0
BRDA:125,9,1,0
BRDA:125,9,2,0
BRDA:126,10,0,0
BRDA:126,10,1,0
BRDA:126,10,2,0
BRDA:127,11,0,0
BRDA:127,11,1,0
BRDA:128,12,0,0
BRDA:128,12,1,0
BRDA:129,13,0,0
BRDA:129,13,1,0
BRDA:144,14,0,0
BRDA:144,14,1,0
BRDA:150,15,0,0
BRDA:150,15,1,0
BRDA:150,16,0,0
BRDA:150,16,1,0
BRDA:158,17,0,0
BRDA:158,17,1,0
BRDA:170,18,0,0
BRDA:170,18,1,0
BRDA:176,19,0,0
BRDA:176,19,1,0
BRDA:176,20,0,0
BRDA:176,20,1,0
BRDA:183,21,0,0
BRDA:183,21,1,0
BRDA:185,22,0,0
BRDA:185,22,1,0
BRDA:190,23,0,0
BRDA:190,23,1,0
BRDA:204,24,0,0
BRDA:207,25,0,0
BRDA:207,25,1,0
BRDA:216,26,0,0
BRDA:216,26,1,0
BRDA:225,27,0,0
BRDA:225,27,1,0
BRDA:227,28,0,0
BRDA:227,28,1,0
BRDA:232,29,0,0
BRDA:232,29,1,0
BRDA:233,30,0,0
BRDA:233,30,1,0
BRDA:233,30,2,0
BRDA:236,31,0,0
BRDA:236,31,1,0
BRDA:260,32,0,0
BRDA:260,32,1,0
BRF:71
BRH:0
end_of_record
TN:
SF:src/lib/alerts.js
FN:49,shouldTriggerAlert
FN:68,triggerAlert
FN:111,resolveAlert
FN:125,checkErrorRate
FN:143,checkResponseTimes
FN:176,checkMemoryUsage
FN:204,checkDatabasePerformance
FN:222,checkHealthStatus
FN:237,checkAlerts
FN:254,getAlertStates
FN:255,(anonymous_10)
FN:265,generatePrometheusAlertRules
FNF:12
FNH:0
FNDA:0,shouldTriggerAlert
FNDA:0,triggerAlert
FNDA:0,resolveAlert
FNDA:0,checkErrorRate
FNDA:0,checkResponseTimes
FNDA:0,checkMemoryUsage
FNDA:0,checkDatabasePerformance
FNDA:0,checkHealthStatus
FNDA:0,checkAlerts
FNDA:0,getAlertStates
FNDA:0,(anonymous_10)
FNDA:0,generatePrometheusAlertRules
DA:3,0
DA:4,0
DA:7,0
DA:45,0
DA:46,0
DA:47,0
DA:50,0
DA:51,0
DA:54,0
DA:55,0
DA:56,0
DA:60,0
DA:61,0
DA:62,0
DA:65,0
DA:69,0
DA:70,0
DA:74,0
DA:82,0
DA:85,0
DA:93,0
DA:94,0
DA:100,0
DA:112,0
DA:113,0
DA:114,0
DA:120,0
DA:126,0
DA:128,0
DA:129,0
DA:133,0
DA:134,0
DA:139,0
DA:144,0
DA:145,0
DA:147,0
DA:148,0
DA:152,0
DA:153,0
DA:158,0
DA:161,0
DA:162,0
DA:166,0
DA:167,0
DA:172,0
DA:177,0
DA:179,0
DA:180,0
DA:189,0
DA:190,0
DA:200,0
DA:205,0
DA:207,0
DA:208,0
DA:212,0
DA:213,0
DA:218,0
DA:223,0
DA:224,0
DA:232,0
DA:238,0
DA:239,0
DA:240,0
DA:241,0
DA:242,0
DA:244,0
DA:245,0
DA:248,0
DA:249,0
DA:255,0
DA:266,0
DA:268,0
DA:337,0
LF:73
LH:0
BRDA:55,0,0,0
BRDA:55,0,1,0
BRDA:55,1,0,0
BRDA:55,1,1,0
BRDA:61,2,0,0
BRDA:61,2,1,0
BRDA:61,3,0,0
BRDA:61,3,1,0
BRDA:68,4,0,0
BRDA:69,5,0,0
BRDA:69,5,1,0
BRDA:85,6,0,0
BRDA:85,6,1,0
BRDA:93,7,0,0
BRDA:93,7,1,0
BRDA:113,8,0,0
BRDA:113,8,1,0
BRDA:128,9,0,0
BRDA:128,9,1,0
BRDA:133,10,0,0
BRDA:133,10,1,0
BRDA:147,11,0,0
BRDA:147,11,1,0
BRDA:152,12,0,0
BRDA:152,12,1,0
BRDA:161,13,0,0
BRDA:161,13,1,0
BRDA:166,14,0,0
BRDA:166,14,1,0
BRDA:179,15,0,0
BRDA:179,15,1,0
BRDA:189,16,0,0
BRDA:189,16,1,0
BRDA:207,17,0,0
BRDA:207,17,1,0
BRDA:212,18,0,0
BRDA:212,18,1,0
BRDA:223,19,0,0
BRDA:223,19,1,0
BRDA:237,20,0,0
BRDA:244,21,0,0
BRDA:244,21,1,0
BRDA:266,22,0,0
BRDA:266,22,1,0
BRF:44
BRH:0
end_of_record
TN:
SF:src/lib/database.js
FN:5,(anonymous_0)
FN:10,(anonymous_1)
FN:21,(anonymous_2)
FN:50,(anonymous_3)
FN:54,(anonymous_4)
FN:61,(anonymous_5)
FN:71,(anonymous_6)
FN:90,(anonymous_7)
FN:98,(anonymous_8)
FN:107,(anonymous_9)
FN:119,(anonymous_10)
FN:128,(anonymous_11)
FN:136,(anonymous_12)
FN:149,(anonymous_13)
FN:158,(anonymous_14)
FN:173,(anonymous_15)
FN:181,(anonymous_16)
FN:189,(anonymous_17)
FN:209,(anonymous_18)
FN:223,(anonymous_19)
FN:236,(anonymous_20)
FN:248,(anonymous_21)
FN:256,(anonymous_22)
FN:266,(anonymous_23)
FN:285,(anonymous_24)
FN:298,(anonymous_25)
FN:309,(anonymous_26)
FN:343,(anonymous_27)
FN:359,(anonymous_28)
FN:374,(anonymous_29)
FN:392,(anonymous_30)
FN:416,(anonymous_31)
FN:427,(anonymous_32)
FN:445,(anonymous_33)
FN:459,(anonymous_34)
FN:476,(anonymous_35)
FN:500,(anonymous_36)
FN:504,(anonymous_37)
FNF:38
FNH:0
FNDA:0,(anonymous_0)
FNDA:0,(anonymous_1)
FNDA:0,(anonymous_2)
FNDA:0,(anonymous_3)
FNDA:0,(anonymous_4)
FNDA:0,(anonymous_5)
FNDA:0,(anonymous_6)
FNDA:0,(anonymous_7)
FNDA:0,(anonymous_8)
FNDA:0,(anonymous_9)
FNDA:0,(anonymous_10)
FNDA:0,(anonymous_11)
FNDA:0,(anonymous_12)
FNDA:0,(anonymous_13)
FNDA:0,(anonymous_14)
FNDA:0,(anonymous_15)
FNDA:0,(anonymous_16)
FNDA:0,(anonymous_17)
FNDA:0,(anonymous_18)
FNDA:0,(anonymous_19)
FNDA:0,(anonymous_20)
FNDA:0,(anonymous_21)
FNDA:0,(anonymous_22)
FNDA:0,(anonymous_23)
FNDA:0,(anonymous_24)
FNDA:0,(anonymous_25)
FNDA:0,(anonymous_26)
FNDA:0,(anonymous_27)
FNDA:0,(anonymous_28)
FNDA:0,(anonymous_29)
FNDA:0,(anonymous_30)
FNDA:0,(anonymous_31)
FNDA:0,(anonymous_32)
FNDA:0,(anonymous_33)
FNDA:0,(anonymous_34)
FNDA:0,(anonymous_35)
FNDA:0,(anonymous_36)
FNDA:0,(anonymous_37)
DA:1,0
DA:2,0
DA:6,0
DA:7,0
DA:11,0
DA:12,0
DA:15,0
DA:16,0
DA:21,0
DA:22,0
DA:23,0
DA:24,0
DA:25,0
DA:26,0
DA:27,0
DA:29,0
DA:30,0
DA:32,0
DA:33,0
DA:38,0
DA:39,0
DA:40,0
DA:42,0
DA:43,0
DA:45,0
DA:46,0
DA:51,0
DA:55,0
DA:56,0
DA:58,0
DA:62,0
DA:63,0
DA:64,0
DA:65,0
DA:66,0
DA:72,0
DA:74,0
DA:91,0
DA:93,0
DA:99,0
DA:101,0
DA:108,0
DA:110,0
DA:120,0
DA:122,0
DA:129,0
DA:131,0
DA:137,0
DA:138,0
DA:140,0
DA:150,0
DA:152,0
DA:159,0
DA:161,0
DA:174,0
DA:176,0
DA:182,0
DA:184,0
DA:190,0
DA:191,0
DA:193,0
DA:194,0
DA:195,0
DA:201,0
DA:210,0
DA:212,0
DA:213,0
DA:214,0
DA:220,0
DA:224,0
DA:225,0
DA:227,0
DA:237,0
DA:239,0
DA:249,0
DA:251,0
DA:257,0
DA:259,0
DA:267,0
DA:269,0
DA:286,0
DA:288,0
DA:299,0
DA:301,0
DA:310,0
DA:311,0
DA:313,0
DA:314,0
DA:315,0
DA:323,0
DA:344,0
DA:346,0
DA:347,0
DA:348,0
DA:356,0
DA:360,0
DA:362,0
DA:375,0
DA:377,0
DA:393,0
DA:395,0
DA:399,0
DA:400,0
DA:403,0
DA:417,0
DA:419,0
DA:428,0
DA:430,0
DA:446,0
DA:448,0
DA:460,0
DA:462,0
DA:463,0
DA:464,0
DA:465,0
DA:467,0
DA:477,0
DA:479,0
DA:480,0
DA:481,0
DA:482,0
DA:483,0
DA:484,0
DA:485,0
DA:486,0
DA:489,0
DA:501,0
DA:506,0
DA:507,0
DA:508,0
DA:509,0
DA:514,0
DA:517,0
DA:526,0
LF:134
LH:0
BRDA:11,0,0,0
BRDA:11,0,1,0
BRDA:17,1,0,0
BRDA:17,1,1,0
BRDA:45,2,0,0
BRDA:45,2,1,0
BRDA:55,3,0,0
BRDA:55,3,1,0
BRDA:55,4,0,0
BRDA:55,4,1,0
BRDA:62,5,0,0
BRDA:62,5,1,0
BRDA:78,6,0,0
BRDA:78,6,1,0
BRDA:84,7,0,0
BRDA:84,7,1,0
BRDA:189,8,0,0
BRDA:191,9,0,0
BRDA:191,10,0,0
BRDA:194,11,0,0
BRDA:194,11,1,0
BRDA:213,12,0,0
BRDA:213,12,1,0
BRDA:225,13,0,0
BRDA:266,14,0,0
BRDA:309,15,0,0
BRDA:311,16,0,0
BRDA:311,17,0,0
BRDA:314,18,0,0
BRDA:314,18,1,0
BRDA:347,19,0,0
BRDA:347,19,1,0
BRDA:374,20,0,0
BRDA:392,21,0,0
BRDA:392,22,0,0
BRDA:399,23,0,0
BRDA:399,23,1,0
BRDA:416,24,0,0
BRDA:427,25,0,0
BRDA:454,26,0,0
BRDA:454,26,1,0
BRDA:459,27,0,0
BRDA:463,28,0,0
BRDA:463,28,1,0
BRDA:464,29,0,0
BRDA:464,29,1,0
BRDA:465,30,0,0
BRDA:465,30,1,0
BRDA:480,31,0,0
BRDA:480,31,1,0
BRDA:481,32,0,0
BRDA:481,32,1,0
BRDA:482,33,0,0
BRDA:482,33,1,0
BRDA:483,34,0,0
BRDA:483,34,1,0
BRDA:483,35,0,0
BRDA:483,35,1,0
BRDA:485,36,0,0
BRDA:485,36,1,0
BRDA:486,37,0,0
BRDA:486,37,1,0
BRDA:500,38,0,0
BRDA:504,39,0,0
BRDA:507,40,0,0
BRDA:507,40,1,0
BRDA:508,41,0,0
BRDA:508,41,1,0
BRDA:508,42,0,0
BRDA:508,42,1,0
BRF:70
BRH:0
end_of_record
TN:
SF:src/lib/env-validation.js
FN:34,(anonymous_0)
FN:39,(anonymous_1)
FN:44,(anonymous_2)
FN:49,(anonymous_3)
FN:54,(anonymous_4)
FN:60,(anonymous_5)
FN:62,(anonymous_6)
FN:77,validateEnvVar
FN:99,validateEnvironment
FN:150,getEnvironmentSummary
FNF:10
FNH:0
FNDA:0,(anonymous_0)
FNDA:0,(anonymous_1)
FNDA:0,(anonymous_2)
FNDA:0,(anonymous_3)
FNDA:0,(anonymous_4)
FNDA:0,(anonymous_5)
FNDA:0,(anonymous_6)
FNDA:0,validateEnvVar
FNDA:0,validateEnvironment
FNDA:0,getEnvironmentSummary
DA:6,0
DA:7,0
DA:12,0
DA:23,0
DA:33,0
DA:35,0
DA:36,0
DA:40,0
DA:41,0
DA:45,0
DA:46,0
DA:50,0
DA:51,0
DA:55,0
DA:56,0
DA:57,0
DA:62,0
DA:63,0
DA:64,0
DA:65,0
DA:78,0
DA:79,0
DA:80,0
DA:82,0
DA:85,0
DA:86,0
DA:87,0
DA:88,0
DA:90,0
DA:100,0
DA:101,0
DA:104,0
DA:105,0
DA:106,0
DA:108,0
DA:113,0
DA:114,0
DA:115,0
DA:117,0
DA:122,0
DA:123,0
DA:124,0
DA:125,0
DA:127,0
DA:133,0
DA:134,0
DA:138,0
DA:139,0
DA:140,0
DA:143,0
DA:151,0
DA:168,0
DA:171,0
LF:53
LH:0
BRDA:35,0,0,0
BRDA:35,0,1,0
BRDA:40,1,0,0
BRDA:40,1,1,0
BRDA:45,2,0,0
BRDA:45,2,1,0
BRDA:50,3,0,0
BRDA:50,3,1,0
BRDA:50,4,0,0
BRDA:50,4,1,0
BRDA:56,5,0,0
BRDA:56,5,1,0
BRDA:56,6,0,0
BRDA:56,6,1,0
BRDA:56,6,2,0
BRDA:64,7,0,0
BRDA:64,7,1,0
BRDA:64,8,0,0
BRDA:64,8,1,0
BRDA:64,8,2,0
BRDA:77,9,0,0
BRDA:78,10,0,0
BRDA:78,10,1,0
BRDA:78,11,0,0
BRDA:78,11,1,0
BRDA:79,12,0,0
BRDA:79,12,1,0
BRDA:86,13,0,0
BRDA:86,13,1,0
BRDA:123,14,0,0
BRDA:123,14,1,0
BRDA:123,15,0,0
BRDA:123,15,1,0
BRDA:133,16,0,0
BRDA:133,16,1,0
BRDA:138,17,0,0
BRDA:138,17,1,0
BRDA:156,18,0,0
BRDA:156,18,1,0
BRDA:157,19,0,0
BRDA:157,19,1,0
BRDA:158,20,0,0
BRDA:158,20,1,0
BRDA:159,21,0,0
BRDA:159,21,1,0
BRDA:160,22,0,0
BRDA:160,22,1,0
BRDA:162,23,0,0
BRDA:162,23,1,0
BRDA:163,24,0,0
BRDA:163,24,1,0
BRDA:164,25,0,0
BRDA:164,25,1,0
BRDA:165,26,0,0
BRDA:165,26,1,0
BRF:55
BRH:0
end_of_record
TN:
SF:src/lib/errors.js
FN:7,(anonymous_0)
FN:17,(anonymous_1)
FN:30,(anonymous_2)
FN:36,(anonymous_3)
FN:42,(anonymous_4)
FN:51,(anonymous_5)
FN:57,(anonymous_6)
FN:66,(anonymous_7)
FN:72,(anonymous_8)
FN:78,(anonymous_9)
FN:87,(anonymous_10)
FN:96,(anonymous_11)
FN:103,(anonymous_12)
FN:109,(anonymous_13)
FN:115,(anonymous_14)
FN:121,(anonymous_15)
FN:130,(anonymous_16)
FN:139,(anonymous_17)
FN:147,isOperationalError
FN:157,formatErrorResponse
FNF:20
FNH:0
FNDA:0,(anonymous_0)
FNDA:0,(anonymous_1)
FNDA:0,(anonymous_2)
FNDA:0,(anonymous_3)
FNDA:0,(anonymous_4)
FNDA:0,(anonymous_5)
FNDA:0,(anonymous_6)
FNDA:0,(anonymous_7)
FNDA:0,(anonymous_8)
FNDA:0,(anonymous_9)
FNDA:0,(anonymous_10)
FNDA:0,(anonymous_11)
FNDA:0,(anonymous_12)
FNDA:0,(anonymous_13)
FNDA:0,(anonymous_14)
FNDA:0,(anonymous_15)
FNDA:0,(anonymous_16)
FNDA:0,(anonymous_17)
FNDA:0,isOperationalError
FNDA:0,formatErrorResponse
DA:8,0
DA:9,0
DA:10,0
DA:11,0
DA:12,0
DA:13,0
DA:14,0
DA:18,0
DA:31,0
DA:37,0
DA:43,0
DA:52,0
DA:58,0
DA:67,0
DA:73,0
DA:79,0
DA:88,0
DA:97,0
DA:98,0
DA:104,0
DA:110,0
DA:116,0
DA:122,0
DA:131,0
DA:140,0
DA:148,0
DA:149,0
DA:151,0
DA:158,0
DA:160,0
DA:170,0
DA:171,0
DA:175,0
DA:176,0
DA:179,0
DA:182,0
LF:36
LH:0
BRDA:7,0,0,0
BRDA:7,1,0,0
BRDA:21,2,0,0
BRDA:21,2,1,0
BRDA:30,3,0,0
BRDA:30,4,0,0
BRDA:36,5,0,0
BRDA:36,6,0,0
BRDA:42,7,0,0
BRDA:42,8,0,0
BRDA:51,9,0,0
BRDA:51,10,0,0
BRDA:57,11,0,0
BRDA:57,12,0,0
BRDA:66,13,0,0
BRDA:66,14,0,0
BRDA:72,15,0,0
BRDA:72,16,0,0
BRDA:78,17,0,0
BRDA:78,18,0,0
BRDA:87,19,0,0
BRDA:87,20,0,0
BRDA:96,21,0,0
BRDA:103,22,0,0
BRDA:109,23,0,0
BRDA:109,24,0,0
BRDA:115,25,0,0
BRDA:115,26,0,0
BRDA:121,27,0,0
BRDA:121,28,0,0
BRDA:130,29,0,0
BRDA:130,30,0,0
BRDA:139,31,0,0
BRDA:139,32,0,0
BRDA:148,33,0,0
BRDA:148,33,1,0
BRDA:157,34,0,0
BRDA:163,35,0,0
BRDA:163,35,1,0
BRDA:164,36,0,0
BRDA:164,36,1,0
BRDA:170,37,0,0
BRDA:170,37,1,0
BRDA:175,38,0,0
BRDA:175,38,1,0
BRDA:175,39,0,0
BRDA:175,39,1,0
BRDA:175,39,2,0
BRF:48
BRH:0
end_of_record
TN:
SF:src/lib/logger.js
FN:12,(anonymous_0)
FN:15,(anonymous_1)
FN:30,(anonymous_2)
FN:42,(anonymous_3)
FN:72,(anonymous_4)
FN:94,createLogger
FN:101,requestLogger
FN:116,(anonymous_7)
FN:132,logError
FNF:9
FNH:0
FNDA:0,(anonymous_0)
FNDA:0,(anonymous_1)
FNDA:0,(anonymous_2)
FNDA:0,(anonymous_3)
FNDA:0,(anonymous_4)
FNDA:0,createLogger
FNDA:0,requestLogger
FNDA:0,(anonymous_7)
FNDA:0,logError
DA:3,0
DA:5,0
DA:6,0
DA:9,0
DA:13,0
DA:17,0
DA:30,0
DA:42,0
DA:52,0
DA:66,0
DA:73,0
DA:76,0
DA:77,0
DA:83,0
DA:89,0
DA:95,0
DA:102,0
DA:103,0
DA:104,0
DA:107,0
DA:115,0
DA:116,0
DA:117,0
DA:118,0
DA:126,0
DA:133,0
DA:144,0
DA:146,0
DA:149,0
DA:153,0
LF:30
LH:0
BRDA:6,0,0,0
BRDA:6,0,1,0
BRDA:6,1,0,0
BRDA:6,1,1,0
BRDA:19,2,0,0
BRDA:19,2,1,0
BRDA:20,3,0,0
BRDA:20,3,1,0
BRDA:21,4,0,0
BRDA:21,4,1,0
BRDA:76,5,0,0
BRDA:76,5,1,0
BRDA:89,6,0,0
BRDA:89,6,1,0
BRDA:94,7,0,0
BRDA:102,8,0,0
BRDA:102,8,1,0
BRDA:102,8,2,0
BRDA:132,9,0,0
BRDA:144,10,0,0
BRDA:144,10,1,0
BRDA:144,11,0,0
BRDA:144,11,1,0
BRF:23
BRH:0
end_of_record
TN:
SF:src/lib/metrics.js
FN:26,recordRequest
FN:30,recordImages
FN:34,recordChatMessage
FN:38,recordResponseTime
FN:50,recordStatusCode
FN:54,recordError
FN:58,recordDatabaseQuery
FN:63,recordDatabaseConnection
FN:67,recordActiveConnection
FN:71,getAverageResponseTime
FN:73,(anonymous_10)
FN:77,getResponseTimePercentile
FN:80,(anonymous_12)
FN:85,getAverageDatabaseQueryTime
FN:90,getErrorRate
FN:95,getMemoryUsage
FN:105,getCpuUsage
FN:113,snapshot
FN:152,(anonymous_18)
FN:159,metricsMiddleware
FN:166,(anonymous_20)
FNF:21
FNH:0
FNDA:0,recordRequest
FNDA:0,recordImages
FNDA:0,recordChatMessage
FNDA:0,recordResponseTime
FNDA:0,recordStatusCode
FNDA:0,recordError
FNDA:0,recordDatabaseQuery
FNDA:0,recordDatabaseConnection
FNDA:0,recordActiveConnection
FNDA:0,getAverageResponseTime
FNDA:0,(anonymous_10)
FNDA:0,getResponseTimePercentile
FNDA:0,(anonymous_12)
FNDA:0,getAverageDatabaseQueryTime
FNDA:0,getErrorRate
FNDA:0,getMemoryUsage
FNDA:0,getCpuUsage
FNDA:0,snapshot
FNDA:0,(anonymous_18)
FNDA:0,metricsMiddleware
FNDA:0,(anonymous_20)
DA:3,0
DA:6,0
DA:7,0
DA:8,0
DA:9,0
DA:12,0
DA:13,0
DA:16,0
DA:19,0
DA:20,0
DA:21,0
DA:24,0
DA:27,0
DA:31,0
DA:35,0
DA:39,0
DA:45,0
DA:46,0
DA:51,0
DA:55,0
DA:59,0
DA:60,0
DA:64,0
DA:68,0
DA:72,0
DA:73,0
DA:74,0
DA:78,0
DA:80,0
DA:81,0
DA:82,0
DA:86,0
DA:87,0
DA:91,0
DA:92,0
DA:96,0
DA:97,0
DA:106,0
DA:107,0
DA:114,0
DA:153,0
DA:160,0
DA:163,0
DA:166,0
DA:167,0
DA:168,0
DA:169,0
DA:172,0
DA:173,0
DA:177,0
DA:180,0
DA:183,0
LF:52
LH:0
BRDA:30,0,0,0
BRDA:31,1,0,0
BRDA:31,1,1,0
BRDA:45,2,0,0
BRDA:45,2,1,0
BRDA:51,3,0,0
BRDA:51,3,1,0
BRDA:72,4,0,0
BRDA:72,4,1,0
BRDA:78,5,0,0
BRDA:78,5,1,0
BRDA:86,6,0,0
BRDA:86,6,1,0
BRDA:91,7,0,0
BRDA:91,7,1,0
BRDA:172,8,0,0
BRDA:172,8,1,0
BRF:17
BRH:0
end_of_record
TN:
SF:src/lib/roles.js
FN:5,(anonymous_0)
FN:10,(anonymous_1)
FN:13,resolveRoleLevel
FN:15,(anonymous_3)
FN:18,(anonymous_4)
FNF:5
FNH:0
FNDA:0,(anonymous_0)
FNDA:0,(anonymous_1)
FNDA:0,resolveRoleLevel
FNDA:0,(anonymous_3)
FNDA:0,(anonymous_4)
DA:3,0
DA:5,0
DA:8,0
DA:10,0
DA:14,0
DA:15,0
DA:16,0
DA:18,0
DA:19,0
DA:21,0
DA:24,0
LF:11
LH:0
BRDA:3,0,0,0
BRDA:3,0,1,0
BRDA:8,1,0,0
BRDA:8,1,1,0
BRDA:13,2,0,0
BRDA:15,3,0,0
BRDA:15,3,1,0
BRDA:18,4,0,0
BRDA:18,4,1,0
BRF:9
BRH:0
end_of_record
TN:
SF:src/lib/sentry.js
FN:7,initSentry
FN:30,(anonymous_1)
FN:53,sentryRequestHandler
FN:69,(anonymous_3)
FN:78,sentryErrorHandler
FN:84,(anonymous_5)
FN:106,captureError
FN:112,(anonymous_7)
FN:113,(anonymous_8)
FN:121,captureMessage
FN:127,(anonymous_10)
FN:128,(anonymous_11)
FN:136,startTransaction
FNF:13
FNH:0
FNDA:0,initSentry
FNDA:0,(anonymous_1)
FNDA:0,sentryRequestHandler
FNDA:0,(anonymous_3)
FNDA:0,sentryErrorHandler
FNDA:0,(anonymous_5)
FNDA:0,captureError
FNDA:0,(anonymous_7)
FNDA:0,(anonymous_8)
FNDA:0,captureMessage
FNDA:0,(anonymous_10)
FNDA:0,(anonymous_11)
FNDA:0,startTransaction
DA:3,0
DA:4,0
DA:8,0
DA:9,0
DA:10,0
DA:12,0
DA:13,0
DA:14,0
DA:17,0
DA:32,0
DA:33,0
DA:35,0
DA:36,0
DA:40,0
DA:41,0
DA:45,0
DA:49,0
DA:54,0
DA:55,0
DA:56,0
DA:60,0
DA:66,0
DA:69,0
DA:70,0
DA:71,0
DA:74,0
DA:79,0
DA:80,0
DA:81,0
DA:84,0
DA:85,0
DA:86,0
DA:92,0
DA:93,0
DA:96,0
DA:97,0
DA:99,0
DA:102,0
DA:107,0
DA:108,0
DA:109,0
DA:112,0
DA:113,0
DA:114,0
DA:116,0
DA:122,0
DA:123,0
DA:124,0
DA:127,0
DA:128,0
DA:129,0
DA:131,0
DA:137,0
DA:138,0
DA:139,0
DA:142,0
DA:148,0
LF:57
LH:0
BRDA:9,0,0,0
BRDA:9,0,1,0
BRDA:10,1,0,0
BRDA:10,1,1,0
BRDA:12,2,0,0
BRDA:12,2,1,0
BRDA:20,3,0,0
BRDA:20,3,1,0
BRDA:26,4,0,0
BRDA:26,4,1,0
BRDA:27,5,0,0
BRDA:27,5,1,0
BRDA:33,6,0,0
BRDA:33,6,1,0
BRDA:33,7,0,0
BRDA:33,7,1,0
BRDA:35,8,0,0
BRDA:35,8,1,0
BRDA:35,9,0,0
BRDA:35,9,1,0
BRDA:35,9,2,0
BRDA:40,10,0,0
BRDA:40,10,1,0
BRDA:40,11,0,0
BRDA:40,11,1,0
BRDA:55,12,0,0
BRDA:55,12,1,0
BRDA:80,13,0,0
BRDA:80,13,1,0
BRDA:85,14,0,0
BRDA:85,14,1,0
BRDA:92,15,0,0
BRDA:92,15,1,0
BRDA:106,16,0,0
BRDA:108,17,0,0
BRDA:108,17,1,0
BRDA:121,18,0,0
BRDA:121,19,0,0
BRDA:123,20,0,0
BRDA:123,20,1,0
BRDA:136,21,0,0
BRDA:138,22,0,0
BRDA:138,22,1,0
BRF:43
BRH:0
end_of_record
TN:
SF:src/lib/store.js
FN:6,readJson
FN:18,writeJson
FNF:2
FNH:0
FNDA:0,readJson
FNDA:0,writeJson
DA:3,0
DA:4,0
DA:7,0
DA:8,0
DA:9,0
DA:11,0
DA:12,0
DA:14,0
DA:19,0
DA:20,0
DA:21,0
DA:24,0
LF:12
LH:0
BRDA:6,0,0,0
BRDA:11,1,0,0
BRDA:11,1,1,0
BRF:3
BRH:0
end_of_record
TN:
SF:src/lib/monitoring/metrics.js
FN:26,recordRequest
FN:30,recordImages
FN:34,recordChatMessage
FN:38,recordResponseTime
FN:50,recordStatusCode
FN:54,recordError
FN:58,recordDatabaseQuery
FN:63,recordDatabaseConnection
FN:67,recordActiveConnection
FN:71,recordApiCall
FN:76,getAverageResponseTime
FN:78,(anonymous_11)
FN:82,getResponseTimePercentile
FN:85,(anonymous_13)
FN:90,getAverageDatabaseQueryTime
FN:95,getErrorRate
FN:100,getMemoryUsage
FN:110,getCpuUsage
FN:118,snapshot
FN:157,(anonymous_19)
FN:164,metricsMiddleware
FN:171,(anonymous_21)
FNF:22
FNH:0
FNDA:0,recordRequest
FNDA:0,recordImages
FNDA:0,recordChatMessage
FNDA:0,recordResponseTime
FNDA:0,recordStatusCode
FNDA:0,recordError
FNDA:0,recordDatabaseQuery
FNDA:0,recordDatabaseConnection
FNDA:0,recordActiveConnection
FNDA:0,recordApiCall
FNDA:0,getAverageResponseTime
FNDA:0,(anonymous_11)
FNDA:0,getResponseTimePercentile
FNDA:0,(anonymous_13)
FNDA:0,getAverageDatabaseQueryTime
FNDA:0,getErrorRate
FNDA:0,getMemoryUsage
FNDA:0,getCpuUsage
FNDA:0,snapshot
FNDA:0,(anonymous_19)
FNDA:0,metricsMiddleware
FNDA:0,(anonymous_21)
DA:3,0
DA:6,0
DA:7,0
DA:8,0
DA:9,0
DA:12,0
DA:13,0
DA:16,0
DA:19,0
DA:20,0
DA:21,0
DA:24,0
DA:27,0
DA:31,0
DA:35,0
DA:39,0
DA:45,0
DA:46,0
DA:51,0
DA:55,0
DA:59,0
DA:60,0
DA:64,0
DA:68,0
DA:73,0
DA:77,0
DA:78,0
DA:79,0
DA:83,0
DA:85,0
DA:86,0
DA:87,0
DA:91,0
DA:92,0
DA:96,0
DA:97,0
DA:101,0
DA:102,0
DA:111,0
DA:112,0
DA:119,0
DA:158,0
DA:165,0
DA:168,0
DA:171,0
DA:172,0
DA:173,0
DA:174,0
DA:177,0
DA:178,0
DA:182,0
DA:185,0
DA:188,0
LF:53
LH:0
BRDA:30,0,0,0
BRDA:31,1,0,0
BRDA:31,1,1,0
BRDA:45,2,0,0
BRDA:45,2,1,0
BRDA:51,3,0,0
BRDA:51,3,1,0
BRDA:77,4,0,0
BRDA:77,4,1,0
BRDA:83,5,0,0
BRDA:83,5,1,0
BRDA:91,6,0,0
BRDA:91,6,1,0
BRDA:96,7,0,0
BRDA:96,7,1,0
BRDA:177,8,0,0
BRDA:177,8,1,0
BRF:17
BRH:0
end_of_record
TN:
SF:src/lib/monitoring/sentry.js
FN:7,initSentry
FN:30,(anonymous_1)
FN:53,sentryRequestHandler
FN:69,(anonymous_3)
FN:78,sentryErrorHandler
FN:84,(anonymous_5)
FN:106,captureError
FN:112,(anonymous_7)
FN:113,(anonymous_8)
FN:121,captureMessage
FN:127,(anonymous_10)
FN:128,(anonymous_11)
FN:136,startTransaction
FNF:13
FNH:0
FNDA:0,initSentry
FNDA:0,(anonymous_1)
FNDA:0,sentryRequestHandler
FNDA:0,(anonymous_3)
FNDA:0,sentryErrorHandler
FNDA:0,(anonymous_5)
FNDA:0,captureError
FNDA:0,(anonymous_7)
FNDA:0,(anonymous_8)
FNDA:0,captureMessage
FNDA:0,(anonymous_10)
FNDA:0,(anonymous_11)
FNDA:0,startTransaction
DA:3,0
DA:4,0
DA:8,0
DA:9,0
DA:10,0
DA:12,0
DA:13,0
DA:14,0
DA:17,0
DA:32,0
DA:33,0
DA:35,0
DA:36,0
DA:40,0
DA:41,0
DA:45,0
DA:49,0
DA:54,0
DA:55,0
DA:56,0
DA:60,0
DA:66,0
DA:69,0
DA:70,0
DA:71,0
DA:74,0
DA:79,0
DA:80,0
DA:81,0
DA:84,0
DA:85,0
DA:86,0
DA:92,0
DA:93,0
DA:96,0
DA:97,0
DA:99,0
DA:102,0
DA:107,0
DA:108,0
DA:109,0
DA:112,0
DA:113,0
DA:114,0
DA:116,0
DA:122,0
DA:123,0
DA:124,0
DA:127,0
DA:128,0
DA:129,0
DA:131,0
DA:137,0
DA:138,0
DA:139,0
DA:142,0
DA:148,0
LF:57
LH:0
BRDA:9,0,0,0
BRDA:9,0,1,0
BRDA:10,1,0,0
BRDA:10,1,1,0
BRDA:12,2,0,0
BRDA:12,2,1,0
BRDA:20,3,0,0
BRDA:20,3,1,0
BRDA:26,4,0,0
BRDA:26,4,1,0
BRDA:27,5,0,0
BRDA:27,5,1,0
BRDA:33,6,0,0
BRDA:33,6,1,0
BRDA:33,7,0,0
BRDA:33,7,1,0
BRDA:35,8,0,0
BRDA:35,8,1,0
BRDA:35,9,0,0
BRDA:35,9,1,0
BRDA:35,9,2,0
BRDA:40,10,0,0
BRDA:40,10,1,0
BRDA:40,11,0,0
BRDA:40,11,1,0
BRDA:55,12,0,0
BRDA:55,12,1,0
BRDA:80,13,0,0
BRDA:80,13,1,0
BRDA:85,14,0,0
BRDA:85,14,1,0
BRDA:92,15,0,0
BRDA:92,15,1,0
BRDA:106,16,0,0
BRDA:108,17,0,0
BRDA:108,17,1,0
BRDA:121,18,0,0
BRDA:121,19,0,0
BRDA:123,20,0,0
BRDA:123,20,1,0
BRDA:136,21,0,0
BRDA:138,22,0,0
BRDA:138,22,1,0
BRF:43
BRH:0
end_of_record
TN:
SF:src/middleware/auth.js
FN:6,resolveUser
FN:59,requireAuth
FN:73,requireRole
FN:75,(anonymous_3)
FN:101,requireGuildMember
FN:102,(anonymous_5)
FN:131,(anonymous_6)
FNF:7
FNH:7
FNDA:18,resolveUser
FNDA:2,requireAuth
FNDA:3,requireRole
FNDA:4,(anonymous_3)
FNDA:2,requireGuildMember
FNDA:6,(anonymous_5)
FNDA:3,(anonymous_6)
DA:3,1
DA:4,1
DA:7,18
DA:8,1
DA:11,17
DA:12,17
DA:13,4
DA:14,4
DA:17,13
DA:18,13
DA:19,12
DA:20,12
DA:21,0
DA:22,0
DA:25,12
DA:26,12
DA:27,11
DA:35,11
DA:36,11
DA:37,11
DA:38,11
DA:41,1
DA:49,1
DA:50,1
DA:51,1
DA:53,1
DA:54,1
DA:55,1
DA:60,2
DA:61,2
DA:62,1
DA:68,1
DA:69,1
DA:70,1
DA:74,3
DA:75,3
DA:76,4
DA:77,4
DA:78,1
DA:85,3
DA:86,3
DA:87,3
DA:88,1
DA:95,2
DA:96,2
DA:97,2
DA:102,2
DA:103,6
DA:104,6
DA:105,1
DA:112,5
DA:113,5
DA:114,1
DA:122,4
DA:123,1
DA:124,1
DA:125,1
DA:129,3
DA:130,3
DA:131,3
DA:133,3
DA:134,1
DA:141,2
DA:142,2
DA:143,2
DA:147,1
LF:66
LH:64
BRDA:7,0,0,1
BRDA:7,0,1,17
BRDA:12,1,0,4
BRDA:12,1,1,13
BRDA:20,2,0,0
BRDA:20,2,1,12
BRDA:26,3,0,11
BRDA:26,3,1,1
BRDA:29,4,0,11
BRDA:29,4,1,0
BRDA:29,4,2,0
BRDA:30,5,0,11
BRDA:30,5,1,0
BRDA:30,5,2,0
BRDA:31,6,0,11
BRDA:31,6,1,11
BRDA:32,7,0,11
BRDA:32,7,1,0
BRDA:32,7,2,0
BRDA:33,8,0,11
BRDA:33,8,1,0
BRDA:43,9,0,1
BRDA:43,9,1,0
BRDA:43,9,2,0
BRDA:44,10,0,1
BRDA:44,10,1,0
BRDA:44,10,2,0
BRDA:45,11,0,1
BRDA:45,11,1,1
BRDA:46,12,0,1
BRDA:46,12,1,0
BRDA:47,13,0,1
BRDA:47,13,1,0
BRDA:61,14,0,1
BRDA:61,14,1,1
BRDA:69,15,0,1
BRDA:69,15,1,0
BRDA:77,16,0,1
BRDA:77,16,1,3
BRDA:85,17,0,3
BRDA:85,17,1,0
BRDA:87,18,0,1
BRDA:87,18,1,2
BRDA:96,19,0,2
BRDA:96,19,1,0
BRDA:101,20,0,0
BRDA:104,21,0,1
BRDA:104,21,1,5
BRDA:113,22,0,1
BRDA:113,22,1,4
BRDA:122,23,0,1
BRDA:122,23,1,3
BRDA:124,24,0,1
BRDA:124,24,1,0
BRDA:129,25,0,3
BRDA:129,25,1,0
BRDA:130,26,0,3
BRDA:130,26,1,0
BRDA:130,26,2,0
BRDA:133,27,0,1
BRDA:133,27,1,2
BRF:61
BRH:39
end_of_record
TN:
SF:src/middleware/error-handler.js
FN:10,errorHandler
FN:47,notFoundHandler
FN:70,asyncHandler
FN:71,(anonymous_3)
FNF:4
FNH:0
FNDA:0,errorHandler
FNDA:0,notFoundHandler
FNDA:0,asyncHandler
FNDA:0,(anonymous_3)
DA:3,0
DA:4,0
DA:12,0
DA:15,0
DA:18,0
DA:28,0
DA:31,0
DA:34,0
DA:37,0
DA:38,0
DA:41,0
DA:48,0
DA:49,0
DA:51,0
DA:57,0
DA:71,0
DA:72,0
DA:76,0
LF:18
LH:0
BRDA:12,0,0,0
BRDA:12,0,1,0
BRDA:12,0,2,0
BRDA:15,1,0,0
BRDA:15,1,1,0
BRDA:31,2,0,0
BRDA:31,2,1,0
BRDA:34,3,0,0
BRDA:34,3,1,0
BRDA:38,4,0,0
BRDA:38,4,1,0
BRDA:48,5,0,0
BRDA:48,5,1,0
BRDA:48,5,2,0
BRDA:49,6,0,0
BRDA:49,6,1,0
BRF:16
BRH:0
end_of_record
TN:
SF:src/middleware/request-id.js
FN:9,requestIdMiddleware
FNF:1
FNH:0
FNDA:0,requestIdMiddleware
DA:3,0
DA:11,0
DA:14,0
DA:17,0
DA:19,0
DA:22,0
LF:6
LH:0
BRDA:11,0,0,0
BRDA:11,0,1,0
BRF:2
BRH:0
end_of_record
TN:
SF:src/routes/chat.js
FN:15,(anonymous_0)
FN:36,(anonymous_1)
FN:56,(anonymous_2)
FN:84,(anonymous_3)
FN:108,(anonymous_4)
FN:133,(anonymous_5)
FN:146,(anonymous_6)
FN:169,(anonymous_7)
FN:180,(anonymous_8)
FN:188,(anonymous_9)
FN:213,(anonymous_10)
FN:234,(anonymous_11)
FN:256,(anonymous_12)
FN:280,getColorForRole
FNF:14
FNH:0
FNDA:0,(anonymous_0)
FNDA:0,(anonymous_1)
FNDA:0,(anonymous_2)
FNDA:0,(anonymous_3)
FNDA:0,(anonymous_4)
FNDA:0,(anonymous_5)
FNDA:0,(anonymous_6)
FNDA:0,(anonymous_7)
FNDA:0,(anonymous_8)
FNDA:0,(anonymous_9)
FNDA:0,(anonymous_10)
FNDA:0,(anonymous_11)
FNDA:0,(anonymous_12)
FNDA:0,getColorForRole
DA:3,0
DA:4,0
DA:5,0
DA:6,0
DA:7,0
DA:8,0
DA:10,0
DA:12,0
DA:13,0
DA:15,0
DA:16,0
DA:17,0
DA:18,0
DA:19,0
DA:20,0
DA:21,0
DA:23,0
DA:24,0
DA:26,0
DA:27,0
DA:31,0
DA:32,0
DA:36,0
DA:37,0
DA:38,0
DA:39,0
DA:40,0
DA:43,0
DA:44,0
DA:46,0
DA:47,0
DA:48,0
DA:54,0
DA:55,0
DA:56,0
DA:57,0
DA:60,0
DA:62,0
DA:63,0
DA:69,0
DA:70,0
DA:77,0
DA:78,0
DA:81,0
DA:82,0
DA:84,0
DA:100,0
DA:102,0
DA:103,0
DA:108,0
DA:109,0
DA:110,0
DA:111,0
DA:113,0
DA:114,0
DA:117,0
DA:123,0
DA:128,0
DA:129,0
DA:133,0
DA:134,0
DA:135,0
DA:136,0
DA:138,0
DA:139,0
DA:142,0
DA:145,0
DA:147,0
DA:148,0
DA:159,0
DA:164,0
DA:165,0
DA:169,0
DA:170,0
DA:171,0
DA:172,0
DA:174,0
DA:175,0
DA:179,0
DA:180,0
DA:182,0
DA:183,0
DA:186,0
DA:188,0
DA:196,0
DA:208,0
DA:209,0
DA:213,0
DA:214,0
DA:215,0
DA:216,0
DA:218,0
DA:219,0
DA:222,0
DA:224,0
DA:226,0
DA:227,0
DA:229,0
DA:230,0
DA:234,0
DA:235,0
DA:236,0
DA:237,0
DA:238,0
DA:240,0
DA:241,0
DA:244,0
DA:246,0
DA:248,0
DA:249,0
DA:251,0
DA:252,0
DA:256,0
DA:257,0
DA:258,0
DA:259,0
DA:261,0
DA:262,0
DA:265,0
DA:273,0
DA:275,0
DA:276,0
DA:281,0
DA:287,0
DA:290,0
LF:125
LH:0
BRDA:17,0,0,0
BRDA:17,0,1,0
BRDA:18,1,0,0
BRDA:18,1,1,0
BRDA:23,2,0,0
BRDA:23,2,1,0
BRDA:26,3,0,0
BRDA:26,3,1,0
BRDA:28,4,0,0
BRDA:28,4,1,0
BRDA:38,5,0,0
BRDA:38,5,1,0
BRDA:39,6,0,0
BRDA:39,6,1,0
BRDA:43,7,0,0
BRDA:43,7,1,0
BRDA:46,8,0,0
BRDA:46,8,1,0
BRDA:47,9,0,0
BRDA:47,9,1,0
BRDA:55,10,0,0
BRDA:55,10,1,0
BRDA:57,11,0,0
BRDA:57,11,1,0
BRDA:57,11,2,0
BRDA:60,12,0,0
BRDA:60,12,1,0
BRDA:60,12,2,0
BRDA:62,13,0,0
BRDA:62,13,1,0
BRDA:69,14,0,0
BRDA:69,14,1,0
BRDA:69,15,0,0
BRDA:69,15,1,0
BRDA:77,16,0,0
BRDA:77,16,1,0
BRDA:81,17,0,0
BRDA:81,17,1,0
BRDA:88,18,0,0
BRDA:88,18,1,0
BRDA:91,19,0,0
BRDA:91,19,1,0
BRDA:113,20,0,0
BRDA:113,20,1,0
BRDA:119,21,0,0
BRDA:119,21,1,0
BRDA:120,22,0,0
BRDA:120,22,1,0
BRDA:136,23,0,0
BRDA:136,23,1,0
BRDA:138,24,0,0
BRDA:138,24,1,0
BRDA:174,25,0,0
BRDA:174,25,1,0
BRDA:182,26,0,0
BRDA:182,26,1,0
BRDA:218,27,0,0
BRDA:218,27,1,0
BRDA:226,28,0,0
BRDA:226,28,1,0
BRDA:240,29,0,0
BRDA:240,29,1,0
BRDA:248,30,0,0
BRDA:248,30,1,0
BRDA:261,31,0,0
BRDA:261,31,1,0
BRDA:270,32,0,0
BRDA:270,32,1,0
BRDA:287,33,0,0
BRDA:287,33,1,0
BRF:70
BRH:0
end_of_record
TN:
SF:src/routes/diagnostics.js
FN:13,formatUptime
FN:28,captureMemory
FN:30,(anonymous_2)
FN:39,(anonymous_3)
FNF:4
FNH:0
FNDA:0,formatUptime
FNDA:0,captureMemory
FNDA:0,(anonymous_2)
FNDA:0,(anonymous_3)
DA:3,0
DA:4,0
DA:5,0
DA:6,0
DA:8,0
DA:10,0
DA:11,0
DA:14,0
DA:15,0
DA:16,0
DA:17,0
DA:18,0
DA:19,0
DA:21,0
DA:22,0
DA:23,0
DA:24,0
DA:25,0
DA:29,0
DA:30,0
DA:31,0
DA:39,0
DA:40,0
DA:41,0
DA:42,0
DA:43,0
DA:46,0
DA:47,0
DA:48,0
DA:50,0
DA:65,0
DA:66,0
DA:68,0
DA:69,0
DA:77,0
LF:35
LH:0
BRDA:14,0,0,0
BRDA:14,0,1,0
BRDA:21,1,0,0
BRDA:21,1,1,0
BRDA:22,2,0,0
BRDA:22,2,1,0
BRDA:23,3,0,0
BRDA:23,3,1,0
BRDA:42,4,0,0
BRDA:42,4,1,0
BRDA:42,5,0,0
BRDA:42,5,1,0
BRF:12
BRH:0
end_of_record
TN:
SF:src/routes/guilds.js
FN:12,validateGuildData
FN:39,validateMemberData
FN:59,validateBulkOperation
FN:92,(anonymous_3)
FN:120,(anonymous_4)
FN:145,(anonymous_5)
FN:179,(anonymous_6)
FN:220,(anonymous_7)
FN:243,(anonymous_8)
FN:282,(anonymous_9)
FN:322,(anonymous_10)
FN:363,(anonymous_11)
FN:398,(anonymous_12)
FN:429,(anonymous_13)
FN:460,(anonymous_14)
FN:493,(anonymous_15)
FNF:16
FNH:0
FNDA:0,validateGuildData
FNDA:0,validateMemberData
FNDA:0,validateBulkOperation
FNDA:0,(anonymous_3)
FNDA:0,(anonymous_4)
FNDA:0,(anonymous_5)
FNDA:0,(anonymous_6)
FNDA:0,(anonymous_7)
FNDA:0,(anonymous_8)
FNDA:0,(anonymous_9)
FNDA:0,(anonymous_10)
FNDA:0,(anonymous_11)
FNDA:0,(anonymous_12)
FNDA:0,(anonymous_13)
FNDA:0,(anonymous_14)
FNDA:0,(anonymous_15)
DA:3,0
DA:4,0
DA:5,0
DA:6,0
DA:8,0
DA:9,0
DA:13,0
DA:15,0
DA:16,0
DA:22,0
DA:23,0
DA:29,0
DA:30,0
DA:36,0
DA:40,0
DA:42,0
DA:43,0
DA:49,0
DA:50,0
DA:56,0
DA:60,0
DA:62,0
DA:63,0
DA:69,0
DA:70,0
DA:76,0
DA:77,0
DA:83,0
DA:92,0
DA:93,0
DA:99,0
DA:101,0
DA:108,0
DA:109,0
DA:111,0
DA:112,0
DA:120,0
DA:121,0
DA:122,0
DA:124,0
DA:130,0
DA:131,0
DA:133,0
DA:134,0
DA:136,0
DA:137,0
DA:145,0
DA:146,0
DA:147,0
DA:148,0
DA:150,0
DA:153,0
DA:154,0
DA:159,0
DA:160,0
DA:164,0
DA:165,0
DA:167,0
DA:168,0
DA:170,0
DA:171,0
DA:179,0
DA:180,0
DA:181,0
DA:182,0
DA:185,0
DA:186,0
DA:191,0
DA:192,0
DA:196,0
DA:197,0
DA:203,0
DA:205,0
DA:206,0
DA:208,0
DA:209,0
DA:211,0
DA:212,0
DA:220,0
DA:221,0
DA:222,0
DA:224,0
DA:226,0
DA:227,0
DA:229,0
DA:230,0
DA:232,0
DA:233,0
DA:243,0
DA:244,0
DA:245,0
DA:250,0
DA:253,0
DA:254,0
DA:259,0
DA:260,0
DA:264,0
DA:270,0
DA:271,0
DA:273,0
DA:274,0
DA:282,0
DA:283,0
DA:284,0
DA:285,0
DA:288,0
DA:289,0
DA:294,0
DA:295,0
DA:299,0
DA:301,0
DA:302,0
DA:304,0
DA:305,0
DA:307,0
DA:308,0
DA:310,0
DA:311,0
DA:313,0
DA:314,0
DA:322,0
DA:323,0
DA:324,0
DA:325,0
DA:327,0
DA:328,0
DA:335,0
DA:336,0
DA:341,0
DA:342,0
DA:346,0
DA:348,0
DA:349,0
DA:351,0
DA:352,0
DA:354,0
DA:355,0
DA:363,0
DA:364,0
DA:365,0
DA:368,0
DA:369,0
DA:374,0
DA:375,0
DA:379,0
DA:381,0
DA:382,0
DA:384,0
DA:385,0
DA:387,0
DA:388,0
DA:398,0
DA:399,0
DA:400,0
DA:401,0
DA:404,0
DA:405,0
DA:410,0
DA:411,0
DA:415,0
DA:417,0
DA:418,0
DA:420,0
DA:421,0
DA:429,0
DA:430,0
DA:431,0
DA:432,0
DA:435,0
DA:436,0
DA:441,0
DA:442,0
DA:446,0
DA:448,0
DA:449,0
DA:451,0
DA:452,0
DA:460,0
DA:461,0
DA:462,0
DA:463,0
DA:466,0
DA:467,0
DA:472,0
DA:473,0
DA:477,0
DA:479,0
DA:480,0
DA:482,0
DA:483,0
DA:493,0
DA:494,0
DA:495,0
DA:498,0
DA:499,0
DA:502,0
DA:504,0
DA:505,0
DA:507,0
DA:508,0
DA:512,0
LF:201
LH:0
BRDA:15,0,0,0
BRDA:15,0,1,0
BRDA:15,1,0,0
BRDA:15,1,1,0
BRDA:22,2,0,0
BRDA:22,2,1,0
BRDA:22,3,0,0
BRDA:22,3,1,0
BRDA:29,4,0,0
BRDA:29,4,1,0
BRDA:29,5,0,0
BRDA:29,5,1,0
BRDA:42,6,0,0
BRDA:42,6,1,0
BRDA:49,7,0,0
BRDA:49,7,1,0
BRDA:49,8,0,0
BRDA:49,8,1,0
BRDA:62,9,0,0
BRDA:62,9,1,0
BRDA:62,10,0,0
BRDA:62,10,1,0
BRDA:69,11,0,0
BRDA:69,11,1,0
BRDA:69,12,0,0
BRDA:69,12,1,0
BRDA:76,13,0,0
BRDA:76,13,1,0
BRDA:76,14,0,0
BRDA:76,14,1,0
BRDA:95,15,0,0
BRDA:96,16,0,0
BRDA:98,17,0,0
BRDA:122,18,0,0
BRDA:133,19,0,0
BRDA:133,19,1,0
BRDA:148,20,0,0
BRDA:153,21,0,0
BRDA:153,21,1,0
BRDA:159,22,0,0
BRDA:159,22,1,0
BRDA:165,23,0,0
BRDA:165,23,1,0
BRDA:167,24,0,0
BRDA:167,24,1,0
BRDA:185,25,0,0
BRDA:185,25,1,0
BRDA:191,26,0,0
BRDA:191,26,1,0
BRDA:196,27,0,0
BRDA:196,27,1,0
BRDA:196,28,0,0
BRDA:196,28,1,0
BRDA:208,29,0,0
BRDA:208,29,1,0
BRDA:229,30,0,0
BRDA:229,30,1,0
BRDA:247,31,0,0
BRDA:248,32,0,0
BRDA:253,33,0,0
BRDA:253,33,1,0
BRDA:259,34,0,0
BRDA:259,34,1,0
BRDA:285,35,0,0
BRDA:288,36,0,0
BRDA:288,36,1,0
BRDA:294,37,0,0
BRDA:294,37,1,0
BRDA:304,38,0,0
BRDA:304,38,1,0
BRDA:307,39,0,0
BRDA:307,39,1,0
BRDA:310,40,0,0
BRDA:310,40,1,0
BRDA:327,41,0,0
BRDA:327,41,1,0
BRDA:335,42,0,0
BRDA:335,42,1,0
BRDA:341,43,0,0
BRDA:341,43,1,0
BRDA:351,44,0,0
BRDA:351,44,1,0
BRDA:368,45,0,0
BRDA:368,45,1,0
BRDA:374,46,0,0
BRDA:374,46,1,0
BRDA:384,47,0,0
BRDA:384,47,1,0
BRDA:404,48,0,0
BRDA:404,48,1,0
BRDA:410,49,0,0
BRDA:410,49,1,0
BRDA:435,50,0,0
BRDA:435,50,1,0
BRDA:441,51,0,0
BRDA:441,51,1,0
BRDA:466,52,0,0
BRDA:466,52,1,0
BRDA:472,53,0,0
BRDA:472,53,1,0
BRDA:498,54,0,0
BRDA:498,54,1,0
BRDA:498,55,0,0
BRDA:498,55,1,0
BRF:104
BRH:0
end_of_record
TN:
SF:src/routes/personality.js
FN:18,(anonymous_0)
FN:21,(anonymous_1)
FN:30,(anonymous_2)
FN:57,(anonymous_3)
FN:81,(anonymous_4)
FN:101,(anonymous_5)
FNF:6
FNH:0
FNDA:0,(anonymous_0)
FNDA:0,(anonymous_1)
FNDA:0,(anonymous_2)
FNDA:0,(anonymous_3)
FNDA:0,(anonymous_4)
FNDA:0,(anonymous_5)
DA:2,0
DA:3,0
DA:4,0
DA:11,0
DA:13,0
DA:14,0
DA:15,0
DA:18,0
DA:19,0
DA:21,0
DA:30,0
DA:31,0
DA:32,0
DA:33,0
DA:34,0
DA:36,0
DA:37,0
DA:45,0
DA:57,0
DA:58,0
DA:59,0
DA:60,0
DA:61,0
DA:62,0
DA:63,0
DA:68,0
DA:69,0
DA:71,0
DA:72,0
DA:81,0
DA:82,0
DA:83,0
DA:85,0
DA:86,0
DA:90,0
DA:92,0
DA:93,0
DA:101,0
DA:102,0
DA:103,0
DA:105,0
DA:106,0
DA:107,0
DA:108,0
DA:115,0
DA:116,0
DA:119,0
DA:137,0
DA:138,0
DA:139,0
DA:140,0
DA:146,0
DA:147,0
DA:151,0
DA:163,0
DA:164,0
DA:172,0
LF:57
LH:0
BRDA:36,0,0,0
BRDA:36,0,1,0
BRDA:60,1,0,0
BRDA:60,1,1,0
BRDA:61,2,0,0
BRDA:61,2,1,0
BRDA:71,3,0,0
BRDA:71,3,1,0
BRDA:83,4,0,0
BRDA:83,4,1,0
BRDA:86,5,0,0
BRDA:86,5,1,0
BRDA:92,6,0,0
BRDA:92,6,1,0
BRDA:103,7,0,0
BRDA:103,7,1,0
BRDA:107,8,0,0
BRDA:107,8,1,0
BRDA:116,9,0,0
BRDA:116,9,1,0
BRDA:126,10,0,0
BRDA:126,10,1,0
BRDA:131,11,0,0
BRDA:131,11,1,0
BRDA:132,12,0,0
BRDA:132,12,1,0
BRDA:137,13,0,0
BRDA:137,13,1,0
BRDA:147,14,0,0
BRDA:147,14,1,0
BRDA:147,15,0,0
BRDA:147,15,1,0
BRDA:147,15,2,0
BRDA:159,16,0,0
BRDA:159,16,1,0
BRDA:163,17,0,0
BRDA:163,17,1,0
BRF:37
BRH:0
end_of_record
TN:
SF:src/routes/snail.js
FN:36,(anonymous_0)
FN:45,(anonymous_1)
FN:70,(anonymous_2)
FN:71,(anonymous_3)
FN:83,(anonymous_4)
FN:150,(anonymous_5)
FN:166,(anonymous_6)
FN:178,(anonymous_7)
FN:190,(anonymous_8)
FNF:9
FNH:0
FNDA:0,(anonymous_0)
FNDA:0,(anonymous_1)
FNDA:0,(anonymous_2)
FNDA:0,(anonymous_3)
FNDA:0,(anonymous_4)
FNDA:0,(anonymous_5)
FNDA:0,(anonymous_6)
FNDA:0,(anonymous_7)
FNDA:0,(anonymous_8)
DA:3,0
DA:4,0
DA:5,0
DA:6,0
DA:7,0
DA:8,0
DA:9,0
DA:10,0
DA:11,0
DA:12,0
DA:17,0
DA:19,0
DA:21,0
DA:22,0
DA:23,0
DA:25,0
DA:27,0
DA:28,0
DA:29,0
DA:31,0
DA:32,0
DA:33,0
DA:35,0
DA:37,0
DA:38,0
DA:39,0
DA:40,0
DA:42,0
DA:46,0
DA:50,0
DA:51,0
DA:52,0
DA:56,0
DA:64,0
DA:65,0
DA:66,0
DA:68,0
DA:71,0
DA:72,0
DA:73,0
DA:74,0
DA:76,0
DA:80,0
DA:84,0
DA:85,0
DA:87,0
DA:88,0
DA:89,0
DA:91,0
DA:92,0
DA:93,0
DA:94,0
DA:96,0
DA:97,0
DA:98,0
DA:100,0
DA:101,0
DA:102,0
DA:103,0
DA:104,0
DA:121,0
DA:129,0
DA:130,0
DA:132,0
DA:134,0
DA:144,0
DA:145,0
DA:150,0
DA:151,0
DA:152,0
DA:153,0
DA:154,0
DA:155,0
DA:156,0
DA:157,0
DA:159,0
DA:161,0
DA:162,0
DA:166,0
DA:167,0
DA:178,0
DA:179,0
DA:180,0
DA:181,0
DA:182,0
DA:190,0
DA:191,0
DA:192,0
DA:195,0
DA:196,0
DA:197,0
DA:198,0
DA:199,0
DA:202,0
DA:203,0
DA:204,0
DA:206,0
DA:211,0
DA:213,0
DA:214,0
DA:218,0
DA:222,0
LF:102
LH:0
BRDA:22,0,0,0
BRDA:22,0,1,0
BRDA:25,1,0,0
BRDA:25,1,1,0
BRDA:46,2,0,0
BRDA:46,2,1,0
BRDA:51,3,0,0
BRDA:51,3,1,0
BRDA:72,4,0,0
BRDA:72,4,1,0
BRDA:73,5,0,0
BRDA:73,5,1,0
BRDA:78,6,0,0
BRDA:78,6,1,0
BRDA:84,7,0,0
BRDA:84,7,1,0
BRDA:87,8,0,0
BRDA:87,8,1,0
BRDA:88,9,0,0
BRDA:88,9,1,0
BRDA:94,10,0,0
BRDA:94,10,1,0
BRDA:100,11,0,0
BRDA:100,11,1,0
BRDA:100,11,2,0
BRDA:114,12,0,0
BRDA:114,12,1,0
BRDA:156,13,0,0
BRDA:156,13,1,0
BRDA:179,14,0,0
BRDA:179,14,1,0
BRDA:180,15,0,0
BRDA:180,15,1,0
BRDA:181,16,0,0
BRDA:181,16,1,0
BRDA:192,17,0,0
BRDA:192,17,1,0
BRDA:202,18,0,0
BRDA:202,18,1,0
BRF:39
BRH:0
end_of_record
TN:
SF:src/routes/stats-tracker.js
FN:11,getStatsTrackerInstance
FN:20,(anonymous_1)
FN:89,(anonymous_2)
FN:216,(anonymous_3)
FN:238,(anonymous_4)
FN:252,(anonymous_5)
FN:270,(anonymous_6)
FN:276,(anonymous_7)
FNF:8
FNH:0
FNDA:0,getStatsTrackerInstance
FNDA:0,(anonymous_1)
FNDA:0,(anonymous_2)
FNDA:0,(anonymous_3)
FNDA:0,(anonymous_4)
FNDA:0,(anonymous_5)
FNDA:0,(anonymous_6)
FNDA:0,(anonymous_7)
DA:3,0
DA:4,0
DA:5,0
DA:6,0
DA:9,0
DA:12,0
DA:13,0
DA:14,0
DA:16,0
DA:20,0
DA:21,0
DA:22,0
DA:23,0
DA:26,0
DA:27,0
DA:28,0
DA:29,0
DA:30,0
DA:31,0
DA:32,0
DA:33,0
DA:34,0
DA:36,0
DA:45,0
DA:47,0
DA:52,0
DA:55,0
DA:59,0
DA:62,0
DA:63,0
DA:68,0
DA:69,0
DA:70,0
DA:73,0
DA:74,0
DA:75,0
DA:79,0
DA:80,0
DA:83,0
DA:84,0
DA:89,0
DA:90,0
DA:91,0
DA:92,0
DA:95,0
DA:96,0
DA:107,0
DA:111,0
DA:112,0
DA:113,0
DA:120,0
DA:121,0
DA:123,0
DA:132,0
DA:135,0
DA:143,0
DA:146,0
DA:156,0
DA:159,0
DA:166,0
DA:169,0
DA:176,0
DA:179,0
DA:187,0
DA:190,0
DA:197,0
DA:200,0
DA:201,0
DA:205,0
DA:210,0
DA:211,0
DA:216,0
DA:217,0
DA:218,0
DA:219,0
DA:222,0
DA:223,0
DA:224,0
DA:227,0
DA:232,0
DA:233,0
DA:238,0
DA:240,0
DA:249,0
DA:252,0
DA:253,0
DA:254,0
DA:255,0
DA:257,0
DA:263,0
DA:265,0
DA:270,0
DA:271,0
DA:272,0
DA:276,0
DA:277,0
DA:278,0
DA:279,0
DA:283,0
LF:99
LH:0
BRDA:12,0,0,0
BRDA:12,0,1,0
BRDA:23,1,0,0
BRDA:23,1,1,0
BRDA:32,2,0,0
BRDA:32,2,1,0
BRDA:33,3,0,0
BRDA:33,3,1,0
BRDA:34,4,0,0
BRDA:34,4,1,0
BRDA:37,5,0,0
BRDA:37,5,1,0
BRDA:38,6,0,0
BRDA:38,6,1,0
BRDA:39,7,0,0
BRDA:39,7,1,0
BRDA:40,8,0,0
BRDA:40,8,1,0
BRDA:41,9,0,0
BRDA:41,9,1,0
BRDA:42,10,0,0
BRDA:42,10,1,0
BRDA:45,11,0,0
BRDA:45,11,1,0
BRDA:45,11,2,0
BRDA:45,11,3,0
BRDA:45,11,4,0
BRDA:45,11,5,0
BRDA:57,12,0,0
BRDA:57,12,1,0
BRDA:57,13,0,0
BRDA:57,13,1,0
BRDA:62,14,0,0
BRDA:62,14,1,0
BRDA:68,15,0,0
BRDA:68,15,1,0
BRDA:73,16,0,0
BRDA:73,16,1,0
BRDA:95,17,0,0
BRDA:95,17,1,0
BRDA:95,18,0,0
BRDA:95,18,1,0
BRDA:103,19,0,0
BRDA:103,19,1,0
BRDA:104,20,0,0
BRDA:104,20,1,0
BRDA:111,21,0,0
BRDA:111,21,1,0
BRDA:111,22,0,0
BRDA:111,22,1,0
BRDA:120,23,0,0
BRDA:120,23,1,0
BRDA:121,24,0,0
BRDA:121,24,1,0
BRDA:121,24,2,0
BRDA:121,24,3,0
BRDA:121,24,4,0
BRDA:121,24,5,0
BRDA:121,24,6,0
BRDA:121,24,7,0
BRDA:139,25,0,0
BRDA:139,25,1,0
BRDA:150,26,0,0
BRDA:150,26,1,0
BRDA:151,27,0,0
BRDA:151,27,1,0
BRDA:181,28,0,0
BRDA:181,28,1,0
BRDA:194,29,0,0
BRDA:194,29,1,0
BRDA:222,30,0,0
BRDA:222,30,1,0
BRF:72
BRH:0
end_of_record
TN:
SF:src/routes/stats.js
FN:12,(anonymous_0)
FN:15,(anonymous_1)
FNF:2
FNH:0
FNDA:0,(anonymous_0)
FNDA:0,(anonymous_1)
DA:3,0
DA:4,0
DA:5,0
DA:7,0
DA:8,0
DA:10,0
DA:12,0
DA:13,0
DA:15,0
DA:16,0
DA:18,0
DA:19,0
DA:20,0
DA:22,0
DA:23,0
DA:24,0
DA:27,0
DA:28,0
DA:30,0
DA:31,0
DA:33,0
DA:34,0
DA:38,0
LF:23
LH:0
BRDA:8,0,0,0
BRDA:8,0,1,0
BRDA:10,1,0,0
BRDA:10,1,1,0
BRDA:18,2,0,0
BRDA:18,2,1,0
BRDA:19,3,0,0
BRDA:19,3,1,0
BRDA:20,4,0,0
BRDA:20,4,1,0
BRDA:22,5,0,0
BRDA:22,5,1,0
BRDA:23,6,0,0
BRDA:23,6,1,0
BRDA:24,7,0,0
BRDA:24,7,1,0
BRDA:27,8,0,0
BRDA:27,8,1,0
BRDA:28,9,0,0
BRDA:28,9,1,0
BRF:20
BRH:0
end_of_record
TN:
SF:src/services/chat-bot.js
FN:6,(anonymous_0)
FN:11,askChatBot
FN:42,(anonymous_2)
FNF:3
FNH:0
FNDA:0,(anonymous_0)
FNDA:0,askChatBot
FNDA:0,(anonymous_2)
DA:4,0
DA:6,0
DA:7,0
DA:12,0
DA:13,0
DA:14,0
DA:15,0
DA:16,0
DA:19,0
DA:20,0
DA:21,0
DA:24,0
DA:41,0
DA:42,0
DA:43,0
DA:44,0
DA:45,0
DA:46,0
DA:47,0
DA:50,0
DA:52,0
DA:55,0
DA:58,0
LF:23
LH:0
BRDA:7,0,0,0
BRDA:7,0,1,0
BRDA:12,1,0,0
BRDA:12,1,1,0
BRDA:13,2,0,0
BRDA:13,2,1,0
BRDA:20,3,0,0
BRDA:20,3,1,0
BRDA:31,4,0,0
BRDA:31,4,1,0
BRDA:41,5,0,0
BRDA:41,5,1,0
BRDA:52,6,0,0
BRDA:52,6,1,0
BRF:14
BRH:0
end_of_record
TN:
SF:src/services/uploads.js
FN:8,summarizeUploads
FN:16,(anonymous_1)
FN:17,(anonymous_2)
FN:24,(anonymous_3)
FN:32,(anonymous_4)
FN:32,(anonymous_5)
FNF:6
FNH:0
FNDA:0,summarizeUploads
FNDA:0,(anonymous_1)
FNDA:0,(anonymous_2)
FNDA:0,(anonymous_3)
FNDA:0,(anonymous_4)
FNDA:0,(anonymous_5)
DA:3,0
DA:4,0
DA:6,0
DA:9,0
DA:10,0
DA:11,0
DA:12,0
DA:13,0
DA:14,0
DA:16,0
DA:17,0
DA:18,0
DA:19,0
DA:20,0
DA:21,0
DA:22,0
DA:23,0
DA:24,0
DA:25,0
DA:26,0
DA:32,0
DA:33,0
DA:36,0
DA:38,0
DA:39,0
DA:43,0
LF:26
LH:0
BRDA:20,0,0,0
BRDA:20,0,1,0
BRDA:22,1,0,0
BRDA:22,1,1,0
BRDA:25,2,0,0
BRDA:25,2,1,0
BRDA:25,3,0,0
BRDA:25,3,1,0
BRDA:32,4,0,0
BRDA:32,4,1,0
BRF:10
BRH:0
end_of_record
